

*******************************************************************************
Tue Jun 25 22:06:45 2024


FIT:    data read from 'MEPPT32.dat'
        format = z
        #datapoints = 50
        residuals are weighted equally (unit weight)

function used for fitting: f(x)
	f(x) = a/x^2
fitted parameters initialized with current variable values



*******************************************************************************
Tue Jun 25 22:07:50 2024


FIT:    data read from 'MEPPT32.dat'
        format = z
        #datapoints = 50
        residuals are weighted equally (unit weight)

function used for fitting: f(x)
	f(x) = a/x^2
fitted parameters initialized with current variable values



*******************************************************************************
Tue Jun 25 22:08:10 2024


FIT:    data read from 'MEPPT32.dat'
        format = z
        #datapoints = 50
        residuals are weighted equally (unit weight)

function used for fitting: f(x)
	f(x) = a/x^2
fitted parameters initialized with current variable values



*******************************************************************************
Tue Jun 25 22:09:07 2024


FIT:    data read from 'MEPPT32.dat' u 1:4
        format = x:z
        #datapoints = 50
        residuals are weighted equally (unit weight)

function used for fitting: f(x)
	f(x) = a/x^2
fitted parameters initialized with current variable values



*******************************************************************************
Tue Jun 25 22:09:26 2024


FIT:    data read from 'MEPPT32.dat' u
        format = z
        #datapoints = 50
        residuals are weighted equally (unit weight)

function used for fitting: f(x)
	f(x) = a/x^2
BREAK: Need via and either parameter list or file

*******************************************************************************
Tue Jun 25 22:09:37 2024


FIT:    data read from 'MEPPT32.dat' u
        format = z
        #datapoints = 50
        residuals are weighted equally (unit weight)

function used for fitting: f(x)
	f(x) = a/x^2
BREAK: Need via and either parameter list or file

*******************************************************************************
Tue Jun 25 22:09:55 2024


FIT:    data read from 'MEPPT32.dat' u 1:4
        format = x:z
        #datapoints = 50
        residuals are weighted equally (unit weight)

function used for fitting: f(x)
	f(x) = a/x**2
fitted parameters initialized with current variable values

iter      chisq       delta/lim  lambda   a            
   0 1.0743871908e+04   0.00e+00  1.47e+01    1.000000e+00
   4 5.9920498307e-05  -1.10e-09  1.47e-03    3.671764e-03

After 4 iterations the fit converged.
final sum of squares of residuals : 5.99205e-05
rel. change during last iteration : -1.09695e-14

degrees of freedom    (FIT_NDF)                        : 49
rms of residuals      (FIT_STDFIT) = sqrt(WSSR/ndf)    : 0.00110583
variance of residuals (reduced chisquare) = WSSR/ndf   : 1.22287e-06

Final set of parameters            Asymptotic Standard Error
=======================            ==========================
a               = 0.00367176       +/- 1.063e-05    (0.2895%)


*******************************************************************************
Tue Jun 25 22:09:55 2024


FIT:    data read from 'MEPPT64.dat' u 1:4
        format = x:z
        #datapoints = 50
        residuals are weighted equally (unit weight)

function used for fitting: g(x)
	g(x) = b/x**2
fitted parameters initialized with current variable values

iter      chisq       delta/lim  lambda   b            
   0 1.0802682466e+04   0.00e+00  1.47e+01    1.000000e+00
   4 4.0037608242e-06  -1.66e-08  1.47e-03    9.485977e-04

After 4 iterations the fit converged.
final sum of squares of residuals : 4.00376e-06
rel. change during last iteration : -1.65863e-13

degrees of freedom    (FIT_NDF)                        : 49
rms of residuals      (FIT_STDFIT) = sqrt(WSSR/ndf)    : 0.000285849
variance of residuals (reduced chisquare) = WSSR/ndf   : 8.17094e-08

Final set of parameters            Asymptotic Standard Error
=======================            ==========================
b               = 0.000948598      +/- 2.748e-06    (0.2897%)


*******************************************************************************
Tue Jun 25 22:09:55 2024


FIT:    data read from 'MEPPT128.dat' u 1:4
        format = x:z
        #datapoints = 50
        residuals are weighted equally (unit weight)

function used for fitting: h(x)
	h(x) = c/x**2
fitted parameters initialized with current variable values

iter      chisq       delta/lim  lambda   c            
   0 1.0817942962e+04   0.00e+00  1.47e+01    1.000000e+00
   4 1.8681808933e-07  -3.56e-07  1.47e-03    2.431875e-04

After 4 iterations the fit converged.
final sum of squares of residuals : 1.86818e-07
rel. change during last iteration : -3.56089e-12

degrees of freedom    (FIT_NDF)                        : 49
rms of residuals      (FIT_STDFIT) = sqrt(WSSR/ndf)    : 6.17464e-05
variance of residuals (reduced chisquare) = WSSR/ndf   : 3.81261e-09

Final set of parameters            Asymptotic Standard Error
=======================            ==========================
c               = 0.000243188      +/- 5.935e-07    (0.2441%)


*******************************************************************************
Tue Jun 25 22:19:08 2024


FIT:    data read from 'MEPPT32.dat' u 1:4
        format = x:z
        #datapoints = 50
        residuals are weighted equally (unit weight)

function used for fitting: f(x)
	f(x) = a/x**2
fitted parameters initialized with current variable values

iter      chisq       delta/lim  lambda   a            
   0 5.9920498307e-05   0.00e+00  5.40e-02    3.671764e-03
   1 5.9920498307e-05   0.00e+00  5.40e-03    3.671764e-03

After 1 iterations the fit converged.
final sum of squares of residuals : 5.99205e-05
rel. change during last iteration : 0

degrees of freedom    (FIT_NDF)                        : 49
rms of residuals      (FIT_STDFIT) = sqrt(WSSR/ndf)    : 0.00110583
variance of residuals (reduced chisquare) = WSSR/ndf   : 1.22287e-06

Final set of parameters            Asymptotic Standard Error
=======================            ==========================
a               = 0.00367176       +/- 1.063e-05    (0.2895%)


*******************************************************************************
Tue Jun 25 22:19:08 2024


FIT:    data read from 'MEPPT64.dat' u 1:4
        format = x:z
        #datapoints = 50
        residuals are weighted equally (unit weight)

function used for fitting: g(x)
	g(x) = b/x**2
fitted parameters initialized with current variable values

iter      chisq       delta/lim  lambda   b            
   0 4.0037608242e-06   0.00e+00  1.40e-02    9.485977e-04
   1 4.0037608242e-06   0.00e+00  1.40e-03    9.485977e-04

After 1 iterations the fit converged.
final sum of squares of residuals : 4.00376e-06
rel. change during last iteration : 0

degrees of freedom    (FIT_NDF)                        : 49
rms of residuals      (FIT_STDFIT) = sqrt(WSSR/ndf)    : 0.000285849
variance of residuals (reduced chisquare) = WSSR/ndf   : 8.17094e-08

Final set of parameters            Asymptotic Standard Error
=======================            ==========================
b               = 0.000948598      +/- 2.748e-06    (0.2897%)


*******************************************************************************
Tue Jun 25 22:19:08 2024


FIT:    data read from 'MEPPT128.dat' u 1:4
        format = x:z
        #datapoints = 50
        residuals are weighted equally (unit weight)

function used for fitting: h(x)
	h(x) = c/x**2
fitted parameters initialized with current variable values

iter      chisq       delta/lim  lambda   c            
   0 1.8681808933e-07   0.00e+00  3.58e-03    2.431875e-04
   1 1.8681808933e-07   0.00e+00  3.58e-02    2.431875e-04

After 1 iterations the fit converged.
final sum of squares of residuals : 1.86818e-07
rel. change during last iteration : 0

degrees of freedom    (FIT_NDF)                        : 49
rms of residuals      (FIT_STDFIT) = sqrt(WSSR/ndf)    : 6.17464e-05
variance of residuals (reduced chisquare) = WSSR/ndf   : 3.81261e-09

Final set of parameters            Asymptotic Standard Error
=======================            ==========================
c               = 0.000243188      +/- 5.935e-07    (0.2441%)


*******************************************************************************
Tue Jun 25 22:19:35 2024


FIT:    data read from 'MEPPT32.dat' u 1:4
        format = x:z
        x range restricted to [0.00000 : 1.00000]
        #datapoints = 10
        residuals are weighted equally (unit weight)

function used for fitting: f(x)
	f(x) = a/x**2
fitted parameters initialized with current variable values

iter      chisq       delta/lim  lambda   a            
   0 2.4268055741e-05   0.00e+00  1.21e-01    3.671764e-03
   2 2.4258700474e-05  -3.19e-01  1.21e-03    3.672694e-03

After 2 iterations the fit converged.
final sum of squares of residuals : 2.42587e-05
rel. change during last iteration : -3.18715e-06

degrees of freedom    (FIT_NDF)                        : 9
rms of residuals      (FIT_STDFIT) = sqrt(WSSR/ndf)    : 0.00164177
variance of residuals (reduced chisquare) = WSSR/ndf   : 2.69541e-06

Final set of parameters            Asymptotic Standard Error
=======================            ==========================
a               = 0.00367269       +/- 1.578e-05    (0.4297%)


*******************************************************************************
Tue Jun 25 22:19:35 2024


FIT:    data read from 'MEPPT64.dat' u 1:4
        format = x:z
        x range restricted to [0.00000 : 1.00000]
        #datapoints = 10
        residuals are weighted equally (unit weight)

function used for fitting: g(x)
	g(x) = b/x**2
fitted parameters initialized with current variable values

iter      chisq       delta/lim  lambda   b            
   0 1.6233119023e-06   0.00e+00  3.12e-02    9.485977e-04
   2 1.6226872787e-06  -3.18e-01  3.12e-04    9.488379e-04

After 2 iterations the fit converged.
final sum of squares of residuals : 1.62269e-06
rel. change during last iteration : -3.18125e-06

degrees of freedom    (FIT_NDF)                        : 9
rms of residuals      (FIT_STDFIT) = sqrt(WSSR/ndf)    : 0.000424616
variance of residuals (reduced chisquare) = WSSR/ndf   : 1.80299e-07

Final set of parameters            Asymptotic Standard Error
=======================            ==========================
b               = 0.000948838      +/- 4.082e-06    (0.4302%)


*******************************************************************************
Tue Jun 25 22:19:35 2024


FIT:    data read from 'MEPPT128.dat' u 1:4
        format = x:z
        x range restricted to [0.00000 : 1.00000]
        #datapoints = 10
        residuals are weighted equally (unit weight)

function used for fitting: h(x)
	h(x) = c/x**2
fitted parameters initialized with current variable values

iter      chisq       delta/lim  lambda   c            
   0 4.2431052935e-08   0.00e+00  8.00e-03    2.431875e-04
   2 4.2393240769e-08  -7.37e-01  8.00e-05    2.432466e-04

After 2 iterations the fit converged.
final sum of squares of residuals : 4.23932e-08
rel. change during last iteration : -7.37139e-06

degrees of freedom    (FIT_NDF)                        : 9
rms of residuals      (FIT_STDFIT) = sqrt(WSSR/ndf)    : 6.86321e-05
variance of residuals (reduced chisquare) = WSSR/ndf   : 4.71036e-09

Final set of parameters            Asymptotic Standard Error
=======================            ==========================
c               = 0.000243247      +/- 6.598e-07    (0.2712%)


*******************************************************************************
Tue Jun 25 22:20:17 2024


FIT:    data read from 'MEPPT32.dat' u 1:4
        format = x:z
        x range restricted to [0.00000 : 1.00000]
        #datapoints = 10
        residuals are weighted equally (unit weight)

function used for fitting: f(x)
	f(x) = a/x**2
fitted parameters initialized with current variable values

iter      chisq       delta/lim  lambda   a            
   0 2.4258700474e-05   0.00e+00  1.21e-01    3.672694e-03
   1 2.4258700474e-05  -3.15e-07  1.21e-02    3.672694e-03

After 1 iterations the fit converged.
final sum of squares of residuals : 2.42587e-05
rel. change during last iteration : -3.15465e-12

degrees of freedom    (FIT_NDF)                        : 9
rms of residuals      (FIT_STDFIT) = sqrt(WSSR/ndf)    : 0.00164177
variance of residuals (reduced chisquare) = WSSR/ndf   : 2.69541e-06

Final set of parameters            Asymptotic Standard Error
=======================            ==========================
a               = 0.00367269       +/- 1.578e-05    (0.4297%)


*******************************************************************************
Tue Jun 25 22:20:17 2024


FIT:    data read from 'MEPPT64.dat' u 1:4
        format = x:z
        x range restricted to [0.00000 : 1.00000]
        #datapoints = 10
        residuals are weighted equally (unit weight)

function used for fitting: g(x)
	g(x) = b/x**2
fitted parameters initialized with current variable values

iter      chisq       delta/lim  lambda   b            
   0 1.6226872787e-06   0.00e+00  3.12e-02    9.488379e-04
   1 1.6226872787e-06  -3.15e-07  3.12e-03    9.488379e-04

After 1 iterations the fit converged.
final sum of squares of residuals : 1.62269e-06
rel. change during last iteration : -3.14867e-12

degrees of freedom    (FIT_NDF)                        : 9
rms of residuals      (FIT_STDFIT) = sqrt(WSSR/ndf)    : 0.000424616
variance of residuals (reduced chisquare) = WSSR/ndf   : 1.80299e-07

Final set of parameters            Asymptotic Standard Error
=======================            ==========================
b               = 0.000948838      +/- 4.082e-06    (0.4302%)


*******************************************************************************
Tue Jun 25 22:20:17 2024


FIT:    data read from 'MEPPT128.dat' u 1:4
        format = x:z
        x range restricted to [0.00000 : 1.00000]
        #datapoints = 10
        residuals are weighted equally (unit weight)

function used for fitting: h(x)
	h(x) = c/x**2
fitted parameters initialized with current variable values

iter      chisq       delta/lim  lambda   c            
   0 4.2393240769e-08   0.00e+00  8.00e-03    2.432466e-04
   1 4.2393240768e-08  -7.30e-07  8.00e-04    2.432467e-04

After 1 iterations the fit converged.
final sum of squares of residuals : 4.23932e-08
rel. change during last iteration : -7.29627e-12

degrees of freedom    (FIT_NDF)                        : 9
rms of residuals      (FIT_STDFIT) = sqrt(WSSR/ndf)    : 6.86321e-05
variance of residuals (reduced chisquare) = WSSR/ndf   : 4.71036e-09

Final set of parameters            Asymptotic Standard Error
=======================            ==========================
c               = 0.000243247      +/- 6.598e-07    (0.2712%)


*******************************************************************************
Tue Jun 25 22:20:32 2024


FIT:    data read from 'MEPPT32.dat' u 1:4
        format = x:z
        x range restricted to [0.00000 : 1.00000]
        #datapoints = 10
        residuals are weighted equally (unit weight)

function used for fitting: f(x)
	f(x) = a/x**2
fitted parameters initialized with current variable values

iter      chisq       delta/lim  lambda   a            
   0 2.4258700474e-05   0.00e+00  1.21e-01    3.672694e-03
   1 2.4258700474e-05  -2.58e-09  1.21e-02    3.672694e-03

After 1 iterations the fit converged.
final sum of squares of residuals : 2.42587e-05
rel. change during last iteration : -2.58383e-14

degrees of freedom    (FIT_NDF)                        : 9
rms of residuals      (FIT_STDFIT) = sqrt(WSSR/ndf)    : 0.00164177
variance of residuals (reduced chisquare) = WSSR/ndf   : 2.69541e-06

Final set of parameters            Asymptotic Standard Error
=======================            ==========================
a               = 0.00367269       +/- 1.578e-05    (0.4297%)


*******************************************************************************
Tue Jun 25 22:20:32 2024


FIT:    data read from 'MEPPT64.dat' u 1:4
        format = x:z
        x range restricted to [0.00000 : 1.00000]
        #datapoints = 10
        residuals are weighted equally (unit weight)

function used for fitting: g(x)
	g(x) = b/x**2
fitted parameters initialized with current variable values

iter      chisq       delta/lim  lambda   b            
   0 1.6226872787e-06   0.00e+00  3.12e-02    9.488379e-04
   1 1.6226872787e-06  -2.60e-09  3.12e-03    9.488379e-04

After 1 iterations the fit converged.
final sum of squares of residuals : 1.62269e-06
rel. change during last iteration : -2.59692e-14

degrees of freedom    (FIT_NDF)                        : 9
rms of residuals      (FIT_STDFIT) = sqrt(WSSR/ndf)    : 0.000424616
variance of residuals (reduced chisquare) = WSSR/ndf   : 1.80299e-07

Final set of parameters            Asymptotic Standard Error
=======================            ==========================
b               = 0.000948838      +/- 4.082e-06    (0.4302%)


*******************************************************************************
Tue Jun 25 22:20:32 2024


FIT:    data read from 'MEPPT128.dat' u 1:4
        format = x:z
        x range restricted to [0.00000 : 1.00000]
        #datapoints = 10
        residuals are weighted equally (unit weight)

function used for fitting: h(x)
	h(x) = c/x**2
fitted parameters initialized with current variable values

iter      chisq       delta/lim  lambda   c            
   0 4.2393240768e-08   0.00e+00  8.00e-03    2.432467e-04
   1 4.2393240768e-08  -6.04e-09  8.00e-04    2.432467e-04

After 1 iterations the fit converged.
final sum of squares of residuals : 4.23932e-08
rel. change during last iteration : -6.04094e-14

degrees of freedom    (FIT_NDF)                        : 9
rms of residuals      (FIT_STDFIT) = sqrt(WSSR/ndf)    : 6.86321e-05
variance of residuals (reduced chisquare) = WSSR/ndf   : 4.71036e-09

Final set of parameters            Asymptotic Standard Error
=======================            ==========================
c               = 0.000243247      +/- 6.598e-07    (0.2712%)


*******************************************************************************
Tue Jun 25 22:20:36 2024


FIT:    data read from 'MEPPT32.dat' u 1:4
        format = x:z
        x range restricted to [0.00000 : 1.00000]
        #datapoints = 10
        residuals are weighted equally (unit weight)

function used for fitting: f(x)
	f(x) = a/x**2
fitted parameters initialized with current variable values

iter      chisq       delta/lim  lambda   a            
   0 2.4258700474e-05   0.00e+00  1.21e-01    3.672694e-03
   1 2.4258700474e-05  -4.19e-11  1.21e-02    3.672694e-03

After 1 iterations the fit converged.
final sum of squares of residuals : 2.42587e-05
rel. change during last iteration : -4.19e-16

degrees of freedom    (FIT_NDF)                        : 9
rms of residuals      (FIT_STDFIT) = sqrt(WSSR/ndf)    : 0.00164177
variance of residuals (reduced chisquare) = WSSR/ndf   : 2.69541e-06

Final set of parameters            Asymptotic Standard Error
=======================            ==========================
a               = 0.00367269       +/- 1.578e-05    (0.4297%)


*******************************************************************************
Tue Jun 25 22:20:36 2024


FIT:    data read from 'MEPPT64.dat' u 1:4
        format = x:z
        x range restricted to [0.00000 : 1.00000]
        #datapoints = 10
        residuals are weighted equally (unit weight)

function used for fitting: g(x)
	g(x) = b/x**2
fitted parameters initialized with current variable values

iter      chisq       delta/lim  lambda   b            
   0 1.6226872787e-06   0.00e+00  3.12e-02    9.488379e-04
   1 1.6226872787e-06   0.00e+00  3.12e-02    9.488379e-04

After 1 iterations the fit converged.
final sum of squares of residuals : 1.62269e-06
rel. change during last iteration : 0

degrees of freedom    (FIT_NDF)                        : 9
rms of residuals      (FIT_STDFIT) = sqrt(WSSR/ndf)    : 0.000424616
variance of residuals (reduced chisquare) = WSSR/ndf   : 1.80299e-07

Final set of parameters            Asymptotic Standard Error
=======================            ==========================
b               = 0.000948838      +/- 4.082e-06    (0.4302%)


*******************************************************************************
Tue Jun 25 22:20:36 2024


FIT:    data read from 'MEPPT128.dat' u 1:4
        format = x:z
        x range restricted to [0.00000 : 1.00000]
        #datapoints = 10
        residuals are weighted equally (unit weight)

function used for fitting: h(x)
	h(x) = c/x**2
fitted parameters initialized with current variable values

iter      chisq       delta/lim  lambda   c            
   0 4.2393240768e-08   0.00e+00  8.00e-03    2.432467e-04
   1 4.2393240768e-08   0.00e+00  8.00e-04    2.432467e-04

After 1 iterations the fit converged.
final sum of squares of residuals : 4.23932e-08
rel. change during last iteration : 0

degrees of freedom    (FIT_NDF)                        : 9
rms of residuals      (FIT_STDFIT) = sqrt(WSSR/ndf)    : 6.86321e-05
variance of residuals (reduced chisquare) = WSSR/ndf   : 4.71036e-09

Final set of parameters            Asymptotic Standard Error
=======================            ==========================
c               = 0.000243247      +/- 6.598e-07    (0.2712%)


*******************************************************************************
Tue Jun 25 22:20:57 2024


FIT:    data read from 'MEPPT32.dat' u 1:4
        format = x:z
        x range restricted to [0.00000 : 1.00000]
        #datapoints = 10
        residuals are weighted equally (unit weight)

function used for fitting: f(x)
	f(x) = a/x**2
fitted parameters initialized with current variable values

iter      chisq       delta/lim  lambda   a            
   0 2.4258700474e-05   0.00e+00  1.21e-01    3.672694e-03
   1 2.4258700474e-05   0.00e+00  1.21e+02    3.672694e-03

After 1 iterations the fit converged.
final sum of squares of residuals : 2.42587e-05
rel. change during last iteration : 0

degrees of freedom    (FIT_NDF)                        : 9
rms of residuals      (FIT_STDFIT) = sqrt(WSSR/ndf)    : 0.00164177
variance of residuals (reduced chisquare) = WSSR/ndf   : 2.69541e-06

Final set of parameters            Asymptotic Standard Error
=======================            ==========================
a               = 0.00367269       +/- 1.578e-05    (0.4297%)


*******************************************************************************
Tue Jun 25 22:20:57 2024


FIT:    data read from 'MEPPT64.dat' u 1:4
        format = x:z
        x range restricted to [0.00000 : 1.00000]
        #datapoints = 10
        residuals are weighted equally (unit weight)

function used for fitting: g(x)
	g(x) = b/x**2
fitted parameters initialized with current variable values

iter      chisq       delta/lim  lambda   b            
   0 1.6226872787e-06   0.00e+00  3.12e-02    9.488379e-04
   1 1.6226872787e-06  -1.30e-11  3.12e-01    9.488379e-04

After 1 iterations the fit converged.
final sum of squares of residuals : 1.62269e-06
rel. change during last iteration : -1.30498e-16

degrees of freedom    (FIT_NDF)                        : 9
rms of residuals      (FIT_STDFIT) = sqrt(WSSR/ndf)    : 0.000424616
variance of residuals (reduced chisquare) = WSSR/ndf   : 1.80299e-07

Final set of parameters            Asymptotic Standard Error
=======================            ==========================
b               = 0.000948838      +/- 4.082e-06    (0.4302%)


*******************************************************************************
Tue Jun 25 22:20:57 2024


FIT:    data read from 'MEPPT128.dat' u 1:4
        format = x:z
        x range restricted to [0.00000 : 1.00000]
        #datapoints = 10
        residuals are weighted equally (unit weight)

function used for fitting: h(x)
	h(x) = c/x**2
fitted parameters initialized with current variable values

iter      chisq       delta/lim  lambda   c            
   0 4.2393240768e-08   0.00e+00  8.00e-03    2.432467e-04
   1 4.2393240768e-08  -4.68e-11  8.00e-04    2.432467e-04

After 1 iterations the fit converged.
final sum of squares of residuals : 4.23932e-08
rel. change during last iteration : -4.6829e-16

degrees of freedom    (FIT_NDF)                        : 9
rms of residuals      (FIT_STDFIT) = sqrt(WSSR/ndf)    : 6.86321e-05
variance of residuals (reduced chisquare) = WSSR/ndf   : 4.71036e-09

Final set of parameters            Asymptotic Standard Error
=======================            ==========================
c               = 0.000243247      +/- 6.598e-07    (0.2712%)


*******************************************************************************
Tue Jun 25 22:21:18 2024


FIT:    data read from 'MEPPT32.dat' u 1:4
        format = x:z
        x range restricted to [0.00000 : 1.00000]
        #datapoints = 10
        residuals are weighted equally (unit weight)

function used for fitting: f(x)
	f(x) = a/x**2
fitted parameters initialized with current variable values

iter      chisq       delta/lim  lambda   a            
   0 2.4258700474e-05   0.00e+00  1.21e-01    3.672694e-03
   1 2.4258700474e-05   0.00e+00  1.21e+02    3.672694e-03

After 1 iterations the fit converged.
final sum of squares of residuals : 2.42587e-05
rel. change during last iteration : 0

degrees of freedom    (FIT_NDF)                        : 9
rms of residuals      (FIT_STDFIT) = sqrt(WSSR/ndf)    : 0.00164177
variance of residuals (reduced chisquare) = WSSR/ndf   : 2.69541e-06

Final set of parameters            Asymptotic Standard Error
=======================            ==========================
a               = 0.00367269       +/- 1.578e-05    (0.4297%)


*******************************************************************************
Tue Jun 25 22:21:18 2024


FIT:    data read from 'MEPPT64.dat' u 1:4
        format = x:z
        x range restricted to [0.00000 : 1.00000]
        #datapoints = 10
        residuals are weighted equally (unit weight)

function used for fitting: g(x)
	g(x) = b/x**2
fitted parameters initialized with current variable values

iter      chisq       delta/lim  lambda   b            
   0 1.6226872787e-06   0.00e+00  3.12e-02    9.488379e-04
   1 1.6226872787e-06   0.00e+00  3.12e-03    9.488379e-04

After 1 iterations the fit converged.
final sum of squares of residuals : 1.62269e-06
rel. change during last iteration : 0

degrees of freedom    (FIT_NDF)                        : 9
rms of residuals      (FIT_STDFIT) = sqrt(WSSR/ndf)    : 0.000424616
variance of residuals (reduced chisquare) = WSSR/ndf   : 1.80299e-07

Final set of parameters            Asymptotic Standard Error
=======================            ==========================
b               = 0.000948838      +/- 4.082e-06    (0.4302%)


*******************************************************************************
Tue Jun 25 22:21:18 2024


FIT:    data read from 'MEPPT128.dat' u 1:4
        format = x:z
        x range restricted to [0.00000 : 1.00000]
        #datapoints = 10
        residuals are weighted equally (unit weight)

function used for fitting: h(x)
	h(x) = c/x**2
fitted parameters initialized with current variable values

iter      chisq       delta/lim  lambda   c            
   0 4.2393240768e-08   0.00e+00  8.00e-03    2.432467e-04
   1 4.2393240768e-08   0.00e+00  8.00e-02    2.432467e-04

After 1 iterations the fit converged.
final sum of squares of residuals : 4.23932e-08
rel. change during last iteration : 0

degrees of freedom    (FIT_NDF)                        : 9
rms of residuals      (FIT_STDFIT) = sqrt(WSSR/ndf)    : 6.86321e-05
variance of residuals (reduced chisquare) = WSSR/ndf   : 4.71036e-09

Final set of parameters            Asymptotic Standard Error
=======================            ==========================
c               = 0.000243247      +/- 6.598e-07    (0.2712%)


*******************************************************************************
Tue Jun 25 22:21:32 2024


FIT:    data read from 'MEPPT32.dat' u 1:4
        format = x:z
        x range restricted to [0.00000 : 1.00000]
        #datapoints = 10
        residuals are weighted equally (unit weight)

function used for fitting: f(x)
	f(x) = a/x**2
fitted parameters initialized with current variable values

iter      chisq       delta/lim  lambda   a            
   0 2.4258700474e-05   0.00e+00  1.21e-01    3.672694e-03
   1 2.4258700474e-05   0.00e+00  1.21e+02    3.672694e-03

After 1 iterations the fit converged.
final sum of squares of residuals : 2.42587e-05
rel. change during last iteration : 0

degrees of freedom    (FIT_NDF)                        : 9
rms of residuals      (FIT_STDFIT) = sqrt(WSSR/ndf)    : 0.00164177
variance of residuals (reduced chisquare) = WSSR/ndf   : 2.69541e-06

Final set of parameters            Asymptotic Standard Error
=======================            ==========================
a               = 0.00367269       +/- 1.578e-05    (0.4297%)


*******************************************************************************
Tue Jun 25 22:21:32 2024


FIT:    data read from 'MEPPT64.dat' u 1:4
        format = x:z
        x range restricted to [0.00000 : 1.00000]
        #datapoints = 10
        residuals are weighted equally (unit weight)

function used for fitting: g(x)
	g(x) = b/x**2
fitted parameters initialized with current variable values

iter      chisq       delta/lim  lambda   b            
   0 1.6226872787e-06   0.00e+00  3.12e-02    9.488379e-04
   1 1.6226872787e-06  -1.30e-11  3.12e-03    9.488379e-04

After 1 iterations the fit converged.
final sum of squares of residuals : 1.62269e-06
rel. change during last iteration : -1.30498e-16

degrees of freedom    (FIT_NDF)                        : 9
rms of residuals      (FIT_STDFIT) = sqrt(WSSR/ndf)    : 0.000424616
variance of residuals (reduced chisquare) = WSSR/ndf   : 1.80299e-07

Final set of parameters            Asymptotic Standard Error
=======================            ==========================
b               = 0.000948838      +/- 4.082e-06    (0.4302%)


*******************************************************************************
Tue Jun 25 22:21:32 2024


FIT:    data read from 'MEPPT128.dat' u 1:4
        format = x:z
        x range restricted to [0.00000 : 1.00000]
        #datapoints = 10
        residuals are weighted equally (unit weight)

function used for fitting: h(x)
	h(x) = c/x**2
fitted parameters initialized with current variable values

iter      chisq       delta/lim  lambda   c            
   0 4.2393240768e-08   0.00e+00  8.00e-03    2.432467e-04
   1 4.2393240768e-08   0.00e+00  8.00e-01    2.432467e-04

After 1 iterations the fit converged.
final sum of squares of residuals : 4.23932e-08
rel. change during last iteration : 0

degrees of freedom    (FIT_NDF)                        : 9
rms of residuals      (FIT_STDFIT) = sqrt(WSSR/ndf)    : 6.86321e-05
variance of residuals (reduced chisquare) = WSSR/ndf   : 4.71036e-09

Final set of parameters            Asymptotic Standard Error
=======================            ==========================
c               = 0.000243247      +/- 6.598e-07    (0.2712%)


*******************************************************************************
Tue Jun 25 22:21:47 2024


FIT:    data read from 'MEPPT32.dat' u 1:4
        format = x:z
        x range restricted to [0.00000 : 1.00000]
        #datapoints = 10
        residuals are weighted equally (unit weight)

function used for fitting: f(x)
	f(x) = a/x**2
fitted parameters initialized with current variable values

iter      chisq       delta/lim  lambda   a            
   0 2.4258700474e-05   0.00e+00  1.21e-01    3.672694e-03
   1 2.4258700474e-05   0.00e+00  1.21e+02    3.672694e-03

After 1 iterations the fit converged.
final sum of squares of residuals : 2.42587e-05
rel. change during last iteration : 0

degrees of freedom    (FIT_NDF)                        : 9
rms of residuals      (FIT_STDFIT) = sqrt(WSSR/ndf)    : 0.00164177
variance of residuals (reduced chisquare) = WSSR/ndf   : 2.69541e-06

Final set of parameters            Asymptotic Standard Error
=======================            ==========================
a               = 0.00367269       +/- 1.578e-05    (0.4297%)


*******************************************************************************
Tue Jun 25 22:21:47 2024


FIT:    data read from 'MEPPT64.dat' u 1:4
        format = x:z
        x range restricted to [0.00000 : 1.00000]
        #datapoints = 10
        residuals are weighted equally (unit weight)

function used for fitting: g(x)
	g(x) = b/x**2
fitted parameters initialized with current variable values

iter      chisq       delta/lim  lambda   b            
   0 1.6226872787e-06   0.00e+00  3.12e-02    9.488379e-04
   1 1.6226872787e-06   0.00e+00  3.12e+00    9.488379e-04

After 1 iterations the fit converged.
final sum of squares of residuals : 1.62269e-06
rel. change during last iteration : 0

degrees of freedom    (FIT_NDF)                        : 9
rms of residuals      (FIT_STDFIT) = sqrt(WSSR/ndf)    : 0.000424616
variance of residuals (reduced chisquare) = WSSR/ndf   : 1.80299e-07

Final set of parameters            Asymptotic Standard Error
=======================            ==========================
b               = 0.000948838      +/- 4.082e-06    (0.4302%)


*******************************************************************************
Tue Jun 25 22:21:47 2024


FIT:    data read from 'MEPPT128.dat' u 1:4
        format = x:z
        x range restricted to [0.00000 : 1.00000]
        #datapoints = 10
        residuals are weighted equally (unit weight)

function used for fitting: h(x)
	h(x) = c/x**2
fitted parameters initialized with current variable values

iter      chisq       delta/lim  lambda   c            
   0 4.2393240768e-08   0.00e+00  8.00e-03    2.432467e-04
   1 4.2393240768e-08   0.00e+00  8.00e-01    2.432467e-04

After 1 iterations the fit converged.
final sum of squares of residuals : 4.23932e-08
rel. change during last iteration : 0

degrees of freedom    (FIT_NDF)                        : 9
rms of residuals      (FIT_STDFIT) = sqrt(WSSR/ndf)    : 6.86321e-05
variance of residuals (reduced chisquare) = WSSR/ndf   : 4.71036e-09

Final set of parameters            Asymptotic Standard Error
=======================            ==========================
c               = 0.000243247      +/- 6.598e-07    (0.2712%)


*******************************************************************************
Tue Jun 25 22:22:15 2024


FIT:    data read from 'MEPPT32.dat' u 1:4
        format = x:z
        x range restricted to [0.00000 : 1.00000]
        #datapoints = 10
        residuals are weighted equally (unit weight)

function used for fitting: f(x)
	f(x) = a/x**2
fitted parameters initialized with current variable values

iter      chisq       delta/lim  lambda   a            
   0 2.4258700474e-05   0.00e+00  1.21e-01    3.672694e-03
   1 2.4258700474e-05   0.00e+00  1.21e+02    3.672694e-03

After 1 iterations the fit converged.
final sum of squares of residuals : 2.42587e-05
rel. change during last iteration : 0

degrees of freedom    (FIT_NDF)                        : 9
rms of residuals      (FIT_STDFIT) = sqrt(WSSR/ndf)    : 0.00164177
variance of residuals (reduced chisquare) = WSSR/ndf   : 2.69541e-06

Final set of parameters            Asymptotic Standard Error
=======================            ==========================
a               = 0.00367269       +/- 1.578e-05    (0.4297%)


*******************************************************************************
Tue Jun 25 22:22:15 2024


FIT:    data read from 'MEPPT64.dat' u 1:4
        format = x:z
        x range restricted to [0.00000 : 1.00000]
        #datapoints = 10
        residuals are weighted equally (unit weight)

function used for fitting: g(x)
	g(x) = b/x**2
fitted parameters initialized with current variable values

iter      chisq       delta/lim  lambda   b            
   0 1.6226872787e-06   0.00e+00  3.12e-02    9.488379e-04
   1 1.6226872787e-06   0.00e+00  3.12e+00    9.488379e-04

After 1 iterations the fit converged.
final sum of squares of residuals : 1.62269e-06
rel. change during last iteration : 0

degrees of freedom    (FIT_NDF)                        : 9
rms of residuals      (FIT_STDFIT) = sqrt(WSSR/ndf)    : 0.000424616
variance of residuals (reduced chisquare) = WSSR/ndf   : 1.80299e-07

Final set of parameters            Asymptotic Standard Error
=======================            ==========================
b               = 0.000948838      +/- 4.082e-06    (0.4302%)


*******************************************************************************
Tue Jun 25 22:22:15 2024


FIT:    data read from 'MEPPT128.dat' u 1:4
        format = x:z
        x range restricted to [0.00000 : 1.00000]
        #datapoints = 10
        residuals are weighted equally (unit weight)

function used for fitting: h(x)
	h(x) = c/x**2
fitted parameters initialized with current variable values

iter      chisq       delta/lim  lambda   c            
   0 4.2393240768e-08   0.00e+00  8.00e-03    2.432467e-04
   1 4.2393240768e-08   0.00e+00  8.00e-01    2.432467e-04

After 1 iterations the fit converged.
final sum of squares of residuals : 4.23932e-08
rel. change during last iteration : 0

degrees of freedom    (FIT_NDF)                        : 9
rms of residuals      (FIT_STDFIT) = sqrt(WSSR/ndf)    : 6.86321e-05
variance of residuals (reduced chisquare) = WSSR/ndf   : 4.71036e-09

Final set of parameters            Asymptotic Standard Error
=======================            ==========================
c               = 0.000243247      +/- 6.598e-07    (0.2712%)


*******************************************************************************
Tue Jun 25 22:22:40 2024


FIT:    data read from 'MEPPT32.dat' u 1:4
        format = x:z
        x range restricted to [0.00000 : 1.00000]
        #datapoints = 10
        residuals are weighted equally (unit weight)

function used for fitting: f(x)
	f(x) = a/x**2
fitted parameters initialized with current variable values

iter      chisq       delta/lim  lambda   a            
   0 2.4258700474e-05   0.00e+00  1.21e-01    3.672694e-03
   1 2.4258700474e-05   0.00e+00  1.21e+02    3.672694e-03

After 1 iterations the fit converged.
final sum of squares of residuals : 2.42587e-05
rel. change during last iteration : 0

degrees of freedom    (FIT_NDF)                        : 9
rms of residuals      (FIT_STDFIT) = sqrt(WSSR/ndf)    : 0.00164177
variance of residuals (reduced chisquare) = WSSR/ndf   : 2.69541e-06

Final set of parameters            Asymptotic Standard Error
=======================            ==========================
a               = 0.00367269       +/- 1.578e-05    (0.4297%)


*******************************************************************************
Tue Jun 25 22:22:40 2024


FIT:    data read from 'MEPPT64.dat' u 1:4
        format = x:z
        x range restricted to [0.00000 : 1.00000]
        #datapoints = 10
        residuals are weighted equally (unit weight)

function used for fitting: g(x)
	g(x) = b/x**2
fitted parameters initialized with current variable values

iter      chisq       delta/lim  lambda   b            
   0 1.6226872787e-06   0.00e+00  3.12e-02    9.488379e-04
   1 1.6226872787e-06   0.00e+00  3.12e+00    9.488379e-04

After 1 iterations the fit converged.
final sum of squares of residuals : 1.62269e-06
rel. change during last iteration : 0

degrees of freedom    (FIT_NDF)                        : 9
rms of residuals      (FIT_STDFIT) = sqrt(WSSR/ndf)    : 0.000424616
variance of residuals (reduced chisquare) = WSSR/ndf   : 1.80299e-07

Final set of parameters            Asymptotic Standard Error
=======================            ==========================
b               = 0.000948838      +/- 4.082e-06    (0.4302%)


*******************************************************************************
Tue Jun 25 22:22:40 2024


FIT:    data read from 'MEPPT128.dat' u 1:4
        format = x:z
        x range restricted to [0.00000 : 1.00000]
        #datapoints = 10
        residuals are weighted equally (unit weight)

function used for fitting: h(x)
	h(x) = c/x**2
fitted parameters initialized with current variable values

iter      chisq       delta/lim  lambda   c            
   0 4.2393240768e-08   0.00e+00  8.00e-03    2.432467e-04
   1 4.2393240768e-08   0.00e+00  8.00e-01    2.432467e-04

After 1 iterations the fit converged.
final sum of squares of residuals : 4.23932e-08
rel. change during last iteration : 0

degrees of freedom    (FIT_NDF)                        : 9
rms of residuals      (FIT_STDFIT) = sqrt(WSSR/ndf)    : 6.86321e-05
variance of residuals (reduced chisquare) = WSSR/ndf   : 4.71036e-09

Final set of parameters            Asymptotic Standard Error
=======================            ==========================
c               = 0.000243247      +/- 6.598e-07    (0.2712%)


*******************************************************************************
Tue Jun 25 22:23:09 2024


FIT:    data read from 'MEPPT32.dat' u 1:4
        format = x:z
        x range restricted to [0.00000 : 1.00000]
        #datapoints = 10
        residuals are weighted equally (unit weight)

function used for fitting: f(x)
	f(x) = a/x**2
fitted parameters initialized with current variable values

iter      chisq       delta/lim  lambda   a            
   0 2.4258700474e-05   0.00e+00  1.21e-01    3.672694e-03
   1 2.4258700474e-05   0.00e+00  1.21e+02    3.672694e-03

After 1 iterations the fit converged.
final sum of squares of residuals : 2.42587e-05
rel. change during last iteration : 0

degrees of freedom    (FIT_NDF)                        : 9
rms of residuals      (FIT_STDFIT) = sqrt(WSSR/ndf)    : 0.00164177
variance of residuals (reduced chisquare) = WSSR/ndf   : 2.69541e-06

Final set of parameters            Asymptotic Standard Error
=======================            ==========================
a               = 0.00367269       +/- 1.578e-05    (0.4297%)


*******************************************************************************
Tue Jun 25 22:23:09 2024


FIT:    data read from 'MEPPT64.dat' u 1:4
        format = x:z
        x range restricted to [0.00000 : 1.00000]
        #datapoints = 10
        residuals are weighted equally (unit weight)

function used for fitting: g(x)
	g(x) = b/x**2
fitted parameters initialized with current variable values

iter      chisq       delta/lim  lambda   b            
   0 1.6226872787e-06   0.00e+00  3.12e-02    9.488379e-04
   1 1.6226872787e-06   0.00e+00  3.12e+00    9.488379e-04

After 1 iterations the fit converged.
final sum of squares of residuals : 1.62269e-06
rel. change during last iteration : 0

degrees of freedom    (FIT_NDF)                        : 9
rms of residuals      (FIT_STDFIT) = sqrt(WSSR/ndf)    : 0.000424616
variance of residuals (reduced chisquare) = WSSR/ndf   : 1.80299e-07

Final set of parameters            Asymptotic Standard Error
=======================            ==========================
b               = 0.000948838      +/- 4.082e-06    (0.4302%)


*******************************************************************************
Tue Jun 25 22:23:09 2024


FIT:    data read from 'MEPPT128.dat' u 1:4
        format = x:z
        x range restricted to [0.00000 : 1.00000]
        #datapoints = 10
        residuals are weighted equally (unit weight)

function used for fitting: h(x)
	h(x) = c/x**2
fitted parameters initialized with current variable values

iter      chisq       delta/lim  lambda   c            
   0 4.2393240768e-08   0.00e+00  8.00e-03    2.432467e-04
   1 4.2393240768e-08   0.00e+00  8.00e-01    2.432467e-04

After 1 iterations the fit converged.
final sum of squares of residuals : 4.23932e-08
rel. change during last iteration : 0

degrees of freedom    (FIT_NDF)                        : 9
rms of residuals      (FIT_STDFIT) = sqrt(WSSR/ndf)    : 6.86321e-05
variance of residuals (reduced chisquare) = WSSR/ndf   : 4.71036e-09

Final set of parameters            Asymptotic Standard Error
=======================            ==========================
c               = 0.000243247      +/- 6.598e-07    (0.2712%)


*******************************************************************************
Tue Jun 25 22:23:28 2024


FIT:    data read from 'MEPPT32.dat' u 1:4
        format = x:z
        x range restricted to [0.00000 : 1.00000]
        #datapoints = 10
        residuals are weighted equally (unit weight)

function used for fitting: f(x)
	f(x) = a/x**2
fitted parameters initialized with current variable values

iter      chisq       delta/lim  lambda   a            
   0 2.4258700474e-05   0.00e+00  1.21e-01    3.672694e-03
   1 2.4258700474e-05   0.00e+00  1.21e+02    3.672694e-03

After 1 iterations the fit converged.
final sum of squares of residuals : 2.42587e-05
rel. change during last iteration : 0

degrees of freedom    (FIT_NDF)                        : 9
rms of residuals      (FIT_STDFIT) = sqrt(WSSR/ndf)    : 0.00164177
variance of residuals (reduced chisquare) = WSSR/ndf   : 2.69541e-06

Final set of parameters            Asymptotic Standard Error
=======================            ==========================
a               = 0.00367269       +/- 1.578e-05    (0.4297%)


*******************************************************************************
Tue Jun 25 22:23:28 2024


FIT:    data read from 'MEPPT64.dat' u 1:4
        format = x:z
        x range restricted to [0.00000 : 1.00000]
        #datapoints = 10
        residuals are weighted equally (unit weight)

function used for fitting: g(x)
	g(x) = b/x**2
fitted parameters initialized with current variable values

iter      chisq       delta/lim  lambda   b            
   0 1.6226872787e-06   0.00e+00  3.12e-02    9.488379e-04
   1 1.6226872787e-06   0.00e+00  3.12e+00    9.488379e-04

After 1 iterations the fit converged.
final sum of squares of residuals : 1.62269e-06
rel. change during last iteration : 0

degrees of freedom    (FIT_NDF)                        : 9
rms of residuals      (FIT_STDFIT) = sqrt(WSSR/ndf)    : 0.000424616
variance of residuals (reduced chisquare) = WSSR/ndf   : 1.80299e-07

Final set of parameters            Asymptotic Standard Error
=======================            ==========================
b               = 0.000948838      +/- 4.082e-06    (0.4302%)


*******************************************************************************
Tue Jun 25 22:23:28 2024


FIT:    data read from 'MEPPT128.dat' u 1:4
        format = x:z
        x range restricted to [0.00000 : 1.00000]
        #datapoints = 10
        residuals are weighted equally (unit weight)

function used for fitting: h(x)
	h(x) = c/x**2
fitted parameters initialized with current variable values

iter      chisq       delta/lim  lambda   c            
   0 4.2393240768e-08   0.00e+00  8.00e-03    2.432467e-04
   1 4.2393240768e-08   0.00e+00  8.00e-01    2.432467e-04

After 1 iterations the fit converged.
final sum of squares of residuals : 4.23932e-08
rel. change during last iteration : 0

degrees of freedom    (FIT_NDF)                        : 9
rms of residuals      (FIT_STDFIT) = sqrt(WSSR/ndf)    : 6.86321e-05
variance of residuals (reduced chisquare) = WSSR/ndf   : 4.71036e-09

Final set of parameters            Asymptotic Standard Error
=======================            ==========================
c               = 0.000243247      +/- 6.598e-07    (0.2712%)


*******************************************************************************
Tue Jun 25 22:23:45 2024


FIT:    data read from 'MEPPT32.dat' u 1:4
        format = x:z
        x range restricted to [0.00000 : 1.00000]
        #datapoints = 10
        residuals are weighted equally (unit weight)

function used for fitting: f(x)
	f(x) = a/x**2
fitted parameters initialized with current variable values

iter      chisq       delta/lim  lambda   a            
   0 2.4258700474e-05   0.00e+00  1.21e-01    3.672694e-03
   1 2.4258700474e-05   0.00e+00  1.21e+02    3.672694e-03

After 1 iterations the fit converged.
final sum of squares of residuals : 2.42587e-05
rel. change during last iteration : 0

degrees of freedom    (FIT_NDF)                        : 9
rms of residuals      (FIT_STDFIT) = sqrt(WSSR/ndf)    : 0.00164177
variance of residuals (reduced chisquare) = WSSR/ndf   : 2.69541e-06

Final set of parameters            Asymptotic Standard Error
=======================            ==========================
a               = 0.00367269       +/- 1.578e-05    (0.4297%)


*******************************************************************************
Tue Jun 25 22:23:45 2024


FIT:    data read from 'MEPPT64.dat' u 1:4
        format = x:z
        x range restricted to [0.00000 : 1.00000]
        #datapoints = 10
        residuals are weighted equally (unit weight)

function used for fitting: g(x)
	g(x) = b/x**2
fitted parameters initialized with current variable values

iter      chisq       delta/lim  lambda   b            
   0 1.6226872787e-06   0.00e+00  3.12e-02    9.488379e-04
   1 1.6226872787e-06   0.00e+00  3.12e+00    9.488379e-04

After 1 iterations the fit converged.
final sum of squares of residuals : 1.62269e-06
rel. change during last iteration : 0

degrees of freedom    (FIT_NDF)                        : 9
rms of residuals      (FIT_STDFIT) = sqrt(WSSR/ndf)    : 0.000424616
variance of residuals (reduced chisquare) = WSSR/ndf   : 1.80299e-07

Final set of parameters            Asymptotic Standard Error
=======================            ==========================
b               = 0.000948838      +/- 4.082e-06    (0.4302%)


*******************************************************************************
Tue Jun 25 22:23:45 2024


FIT:    data read from 'MEPPT128.dat' u 1:4
        format = x:z
        x range restricted to [0.00000 : 1.00000]
        #datapoints = 10
        residuals are weighted equally (unit weight)

function used for fitting: h(x)
	h(x) = c/x**2
fitted parameters initialized with current variable values

iter      chisq       delta/lim  lambda   c            
   0 4.2393240768e-08   0.00e+00  8.00e-03    2.432467e-04
   1 4.2393240768e-08   0.00e+00  8.00e-01    2.432467e-04

After 1 iterations the fit converged.
final sum of squares of residuals : 4.23932e-08
rel. change during last iteration : 0

degrees of freedom    (FIT_NDF)                        : 9
rms of residuals      (FIT_STDFIT) = sqrt(WSSR/ndf)    : 6.86321e-05
variance of residuals (reduced chisquare) = WSSR/ndf   : 4.71036e-09

Final set of parameters            Asymptotic Standard Error
=======================            ==========================
c               = 0.000243247      +/- 6.598e-07    (0.2712%)


*******************************************************************************
Tue Jun 25 22:24:01 2024


FIT:    data read from 'MEPPT32.dat' u 1:4
        format = x:z
        x range restricted to [0.00000 : 1.00000]
        #datapoints = 10
        residuals are weighted equally (unit weight)

function used for fitting: f(x)
	f(x) = a/x**2
fitted parameters initialized with current variable values

iter      chisq       delta/lim  lambda   a            
   0 2.4258700474e-05   0.00e+00  1.21e-01    3.672694e-03
   1 2.4258700474e-05   0.00e+00  1.21e+02    3.672694e-03

After 1 iterations the fit converged.
final sum of squares of residuals : 2.42587e-05
rel. change during last iteration : 0

degrees of freedom    (FIT_NDF)                        : 9
rms of residuals      (FIT_STDFIT) = sqrt(WSSR/ndf)    : 0.00164177
variance of residuals (reduced chisquare) = WSSR/ndf   : 2.69541e-06

Final set of parameters            Asymptotic Standard Error
=======================            ==========================
a               = 0.00367269       +/- 1.578e-05    (0.4297%)


*******************************************************************************
Tue Jun 25 22:24:01 2024


FIT:    data read from 'MEPPT64.dat' u 1:4
        format = x:z
        x range restricted to [0.00000 : 1.00000]
        #datapoints = 10
        residuals are weighted equally (unit weight)

function used for fitting: g(x)
	g(x) = b/x**2
fitted parameters initialized with current variable values

iter      chisq       delta/lim  lambda   b            
   0 1.6226872787e-06   0.00e+00  3.12e-02    9.488379e-04
   1 1.6226872787e-06   0.00e+00  3.12e+00    9.488379e-04

After 1 iterations the fit converged.
final sum of squares of residuals : 1.62269e-06
rel. change during last iteration : 0

degrees of freedom    (FIT_NDF)                        : 9
rms of residuals      (FIT_STDFIT) = sqrt(WSSR/ndf)    : 0.000424616
variance of residuals (reduced chisquare) = WSSR/ndf   : 1.80299e-07

Final set of parameters            Asymptotic Standard Error
=======================            ==========================
b               = 0.000948838      +/- 4.082e-06    (0.4302%)


*******************************************************************************
Tue Jun 25 22:24:01 2024


FIT:    data read from 'MEPPT128.dat' u 1:4
        format = x:z
        x range restricted to [0.00000 : 1.00000]
        #datapoints = 10
        residuals are weighted equally (unit weight)

function used for fitting: h(x)
	h(x) = c/x**2
fitted parameters initialized with current variable values

iter      chisq       delta/lim  lambda   c            
   0 4.2393240768e-08   0.00e+00  8.00e-03    2.432467e-04
   1 4.2393240768e-08   0.00e+00  8.00e-01    2.432467e-04

After 1 iterations the fit converged.
final sum of squares of residuals : 4.23932e-08
rel. change during last iteration : 0

degrees of freedom    (FIT_NDF)                        : 9
rms of residuals      (FIT_STDFIT) = sqrt(WSSR/ndf)    : 6.86321e-05
variance of residuals (reduced chisquare) = WSSR/ndf   : 4.71036e-09

Final set of parameters            Asymptotic Standard Error
=======================            ==========================
c               = 0.000243247      +/- 6.598e-07    (0.2712%)


*******************************************************************************
Tue Jun 25 22:24:20 2024


FIT:    data read from 'MEPPT32.dat' u 1:4
        format = x:z
        x range restricted to [0.00000 : 1.00000]
        #datapoints = 10
        residuals are weighted equally (unit weight)

function used for fitting: f(x)
	f(x) = a/x**2
fitted parameters initialized with current variable values

iter      chisq       delta/lim  lambda   a            
   0 2.4258700474e-05   0.00e+00  1.21e-01    3.672694e-03
   1 2.4258700474e-05   0.00e+00  1.21e+02    3.672694e-03

After 1 iterations the fit converged.
final sum of squares of residuals : 2.42587e-05
rel. change during last iteration : 0

degrees of freedom    (FIT_NDF)                        : 9
rms of residuals      (FIT_STDFIT) = sqrt(WSSR/ndf)    : 0.00164177
variance of residuals (reduced chisquare) = WSSR/ndf   : 2.69541e-06

Final set of parameters            Asymptotic Standard Error
=======================            ==========================
a               = 0.00367269       +/- 1.578e-05    (0.4297%)


*******************************************************************************
Tue Jun 25 22:24:20 2024


FIT:    data read from 'MEPPT64.dat' u 1:4
        format = x:z
        x range restricted to [0.00000 : 1.00000]
        #datapoints = 10
        residuals are weighted equally (unit weight)

function used for fitting: g(x)
	g(x) = b/x**2
fitted parameters initialized with current variable values

iter      chisq       delta/lim  lambda   b            
   0 1.6226872787e-06   0.00e+00  3.12e-02    9.488379e-04
   1 1.6226872787e-06   0.00e+00  3.12e+00    9.488379e-04

After 1 iterations the fit converged.
final sum of squares of residuals : 1.62269e-06
rel. change during last iteration : 0

degrees of freedom    (FIT_NDF)                        : 9
rms of residuals      (FIT_STDFIT) = sqrt(WSSR/ndf)    : 0.000424616
variance of residuals (reduced chisquare) = WSSR/ndf   : 1.80299e-07

Final set of parameters            Asymptotic Standard Error
=======================            ==========================
b               = 0.000948838      +/- 4.082e-06    (0.4302%)


*******************************************************************************
Tue Jun 25 22:24:20 2024


FIT:    data read from 'MEPPT128.dat' u 1:4
        format = x:z
        x range restricted to [0.00000 : 1.00000]
        #datapoints = 10
        residuals are weighted equally (unit weight)

function used for fitting: h(x)
	h(x) = c/x**2
fitted parameters initialized with current variable values

iter      chisq       delta/lim  lambda   c            
   0 4.2393240768e-08   0.00e+00  8.00e-03    2.432467e-04
   1 4.2393240768e-08   0.00e+00  8.00e-01    2.432467e-04

After 1 iterations the fit converged.
final sum of squares of residuals : 4.23932e-08
rel. change during last iteration : 0

degrees of freedom    (FIT_NDF)                        : 9
rms of residuals      (FIT_STDFIT) = sqrt(WSSR/ndf)    : 6.86321e-05
variance of residuals (reduced chisquare) = WSSR/ndf   : 4.71036e-09

Final set of parameters            Asymptotic Standard Error
=======================            ==========================
c               = 0.000243247      +/- 6.598e-07    (0.2712%)


*******************************************************************************
Tue Jun 25 22:52:11 2024


FIT:    data read from 'MEPPT32.dat' u 1:4
        format = x:z
        x range restricted to [0.00000 : 1.00000]
        #datapoints = 10
        residuals are weighted equally (unit weight)

function used for fitting: f(x)
	f(x) = a/x**2
fitted parameters initialized with current variable values

iter      chisq       delta/lim  lambda   a            
   0 2.4258700474e-05   0.00e+00  1.21e-01    3.672694e-03
   1 2.4258700474e-05   0.00e+00  1.21e+02    3.672694e-03

After 1 iterations the fit converged.
final sum of squares of residuals : 2.42587e-05
rel. change during last iteration : 0

degrees of freedom    (FIT_NDF)                        : 9
rms of residuals      (FIT_STDFIT) = sqrt(WSSR/ndf)    : 0.00164177
variance of residuals (reduced chisquare) = WSSR/ndf   : 2.69541e-06

Final set of parameters            Asymptotic Standard Error
=======================            ==========================
a               = 0.00367269       +/- 1.578e-05    (0.4297%)


*******************************************************************************
Tue Jun 25 22:52:11 2024


FIT:    data read from 'MEPPT64.dat' u 1:4
        format = x:z
        x range restricted to [0.00000 : 1.00000]
        #datapoints = 10
        residuals are weighted equally (unit weight)

function used for fitting: g(x)
	g(x) = b/x**2
fitted parameters initialized with current variable values

iter      chisq       delta/lim  lambda   b            
   0 1.6226872787e-06   0.00e+00  3.12e-02    9.488379e-04
   1 1.6226872787e-06   0.00e+00  3.12e+00    9.488379e-04

After 1 iterations the fit converged.
final sum of squares of residuals : 1.62269e-06
rel. change during last iteration : 0

degrees of freedom    (FIT_NDF)                        : 9
rms of residuals      (FIT_STDFIT) = sqrt(WSSR/ndf)    : 0.000424616
variance of residuals (reduced chisquare) = WSSR/ndf   : 1.80299e-07

Final set of parameters            Asymptotic Standard Error
=======================            ==========================
b               = 0.000948838      +/- 4.082e-06    (0.4302%)


*******************************************************************************
Tue Jun 25 22:52:11 2024


FIT:    data read from 'MEPPT128.dat' u 1:4
        format = x:z
        x range restricted to [0.00000 : 1.00000]
        #datapoints = 10
        residuals are weighted equally (unit weight)

function used for fitting: h(x)
	h(x) = c/x**2
fitted parameters initialized with current variable values

iter      chisq       delta/lim  lambda   c            
   0 4.2393240768e-08   0.00e+00  8.00e-03    2.432467e-04
   1 4.2393240768e-08   0.00e+00  8.00e-01    2.432467e-04

After 1 iterations the fit converged.
final sum of squares of residuals : 4.23932e-08
rel. change during last iteration : 0

degrees of freedom    (FIT_NDF)                        : 9
rms of residuals      (FIT_STDFIT) = sqrt(WSSR/ndf)    : 6.86321e-05
variance of residuals (reduced chisquare) = WSSR/ndf   : 4.71036e-09

Final set of parameters            Asymptotic Standard Error
=======================            ==========================
c               = 0.000243247      +/- 6.598e-07    (0.2712%)


*******************************************************************************
Tue Jun 25 22:52:40 2024


FIT:    data read from 'MEPPT32.dat' u 1:4
        format = x:z
        x range restricted to [0.00000 : 1.00000]
        #datapoints = 10
        residuals are weighted equally (unit weight)

function used for fitting: f(x)
	f(x) = a/x**2
fitted parameters initialized with current variable values

iter      chisq       delta/lim  lambda   a            
   0 2.4258700474e-05   0.00e+00  1.21e-01    3.672694e-03
   1 2.4258700474e-05   0.00e+00  1.21e+02    3.672694e-03

After 1 iterations the fit converged.
final sum of squares of residuals : 2.42587e-05
rel. change during last iteration : 0

degrees of freedom    (FIT_NDF)                        : 9
rms of residuals      (FIT_STDFIT) = sqrt(WSSR/ndf)    : 0.00164177
variance of residuals (reduced chisquare) = WSSR/ndf   : 2.69541e-06

Final set of parameters            Asymptotic Standard Error
=======================            ==========================
a               = 0.00367269       +/- 1.578e-05    (0.4297%)


*******************************************************************************
Tue Jun 25 22:52:40 2024


FIT:    data read from 'MEPPT64.dat' u 1:4
        format = x:z
        x range restricted to [0.00000 : 1.00000]
        #datapoints = 10
        residuals are weighted equally (unit weight)

function used for fitting: g(x)
	g(x) = b/x**2
fitted parameters initialized with current variable values

iter      chisq       delta/lim  lambda   b            
   0 1.6226872787e-06   0.00e+00  3.12e-02    9.488379e-04
   1 1.6226872787e-06   0.00e+00  3.12e+00    9.488379e-04

After 1 iterations the fit converged.
final sum of squares of residuals : 1.62269e-06
rel. change during last iteration : 0

degrees of freedom    (FIT_NDF)                        : 9
rms of residuals      (FIT_STDFIT) = sqrt(WSSR/ndf)    : 0.000424616
variance of residuals (reduced chisquare) = WSSR/ndf   : 1.80299e-07

Final set of parameters            Asymptotic Standard Error
=======================            ==========================
b               = 0.000948838      +/- 4.082e-06    (0.4302%)


*******************************************************************************
Tue Jun 25 22:52:40 2024


FIT:    data read from 'MEPPT128.dat' u 1:4
        format = x:z
        x range restricted to [0.00000 : 1.00000]
        #datapoints = 10
        residuals are weighted equally (unit weight)

function used for fitting: h(x)
	h(x) = c/x**2
fitted parameters initialized with current variable values

iter      chisq       delta/lim  lambda   c            
   0 4.2393240768e-08   0.00e+00  8.00e-03    2.432467e-04
   1 4.2393240768e-08   0.00e+00  8.00e-01    2.432467e-04

After 1 iterations the fit converged.
final sum of squares of residuals : 4.23932e-08
rel. change during last iteration : 0

degrees of freedom    (FIT_NDF)                        : 9
rms of residuals      (FIT_STDFIT) = sqrt(WSSR/ndf)    : 6.86321e-05
variance of residuals (reduced chisquare) = WSSR/ndf   : 4.71036e-09

Final set of parameters            Asymptotic Standard Error
=======================            ==========================
c               = 0.000243247      +/- 6.598e-07    (0.2712%)


*******************************************************************************
Wed Jun 26 12:10:14 2024


FIT:    data read from 'MEPPT32.dat' u 1:4
        format = x:z
        #datapoints = 50
        residuals are weighted equally (unit weight)

function used for fitting: f(x)
	f(x) = a/x**2
fitted parameters initialized with current variable values

iter      chisq       delta/lim  lambda   a            
   0 1.0743861873e+04   0.00e+00  1.47e+01    1.000000e+00
   4 1.9514065356e-05  -3.44e-09  1.47e-03    3.672228e-03

After 4 iterations the fit converged.
final sum of squares of residuals : 1.95141e-05
rel. change during last iteration : -3.43778e-14

degrees of freedom    (FIT_NDF)                        : 49
rms of residuals      (FIT_STDFIT) = sqrt(WSSR/ndf)    : 0.000631068
variance of residuals (reduced chisquare) = WSSR/ndf   : 3.98246e-07

Final set of parameters            Asymptotic Standard Error
=======================            ==========================
a               = 0.00367223       +/- 6.066e-06    (0.1652%)


*******************************************************************************
Wed Jun 26 12:10:14 2024


FIT:    data read from 'MEPPT64.dat' u 1:4
        format = x:z
        #datapoints = 50
        residuals are weighted equally (unit weight)

function used for fitting: g(x)
	g(x) = b/x**2
fitted parameters initialized with current variable values

iter      chisq       delta/lim  lambda   b            
   0 1.0802678249e+04   0.00e+00  1.47e+01    1.000000e+00
   4 1.2336598847e-06  -5.38e-08  1.47e-03    9.487925e-04

After 4 iterations the fit converged.
final sum of squares of residuals : 1.23366e-06
rel. change during last iteration : -5.38296e-13

degrees of freedom    (FIT_NDF)                        : 49
rms of residuals      (FIT_STDFIT) = sqrt(WSSR/ndf)    : 0.000158672
variance of residuals (reduced chisquare) = WSSR/ndf   : 2.51767e-08

Final set of parameters            Asymptotic Standard Error
=======================            ==========================
b               = 0.000948793      +/- 1.525e-06    (0.1607%)


*******************************************************************************
Wed Jun 26 12:10:14 2024


FIT:    data read from 'MEPPT128.dat' u 1:4
        format = x:z
        #datapoints = 50
        residuals are weighted equally (unit weight)

function used for fitting: h(x)
	h(x) = c/x**2
fitted parameters initialized with current variable values

iter      chisq       delta/lim  lambda   c            
   0 1.0817942081e+04   0.00e+00  1.47e+01    1.000000e+00
   4 5.7670892643e-08  -1.15e-06  1.47e-03    2.432283e-04

After 4 iterations the fit converged.
final sum of squares of residuals : 5.76709e-08
rel. change during last iteration : -1.15344e-11

degrees of freedom    (FIT_NDF)                        : 49
rms of residuals      (FIT_STDFIT) = sqrt(WSSR/ndf)    : 3.43068e-05
variance of residuals (reduced chisquare) = WSSR/ndf   : 1.17696e-09

Final set of parameters            Asymptotic Standard Error
=======================            ==========================
c               = 0.000243228      +/- 3.298e-07    (0.1356%)


*******************************************************************************
Wed Jun 26 12:10:36 2024


FIT:    data read from 'MEPPT32.dat' u 1:4
        format = x:z
        x range restricted to [0.100000 : 1.00000]
        #datapoints = 10
        residuals are weighted equally (unit weight)

function used for fitting: f(x)
	f(x) = a/x**2
fitted parameters initialized with current variable values

iter      chisq       delta/lim  lambda   a            
   0 9.6064124473e-06   0.00e+00  1.21e-01    3.672228e-03
   2 9.6038149054e-06  -2.24e-01  1.21e-03    3.672718e-03

After 2 iterations the fit converged.
final sum of squares of residuals : 9.60381e-06
rel. change during last iteration : -2.23529e-06

degrees of freedom    (FIT_NDF)                        : 9
rms of residuals      (FIT_STDFIT) = sqrt(WSSR/ndf)    : 0.001033
variance of residuals (reduced chisquare) = WSSR/ndf   : 1.06709e-06

Final set of parameters            Asymptotic Standard Error
=======================            ==========================
a               = 0.00367272       +/- 9.931e-06    (0.2704%)


*******************************************************************************
Wed Jun 26 12:10:36 2024


FIT:    data read from 'MEPPT64.dat' u 1:4
        format = x:z
        x range restricted to [0.100000 : 1.00000]
        #datapoints = 10
        residuals are weighted equally (unit weight)

function used for fitting: g(x)
	g(x) = b/x**2
fitted parameters initialized with current variable values

iter      chisq       delta/lim  lambda   b            
   0 5.4893427863e-07   0.00e+00  3.12e-02    9.487925e-04
   2 5.4875479811e-07  -2.70e-01  3.12e-04    9.489213e-04

After 2 iterations the fit converged.
final sum of squares of residuals : 5.48755e-07
rel. change during last iteration : -2.70304e-06

degrees of freedom    (FIT_NDF)                        : 9
rms of residuals      (FIT_STDFIT) = sqrt(WSSR/ndf)    : 0.000246927
variance of residuals (reduced chisquare) = WSSR/ndf   : 6.09728e-08

Final set of parameters            Asymptotic Standard Error
=======================            ==========================
b               = 0.000948921      +/- 2.374e-06    (0.2502%)


*******************************************************************************
Wed Jun 26 12:10:36 2024


FIT:    data read from 'MEPPT128.dat' u 1:4
        format = x:z
        x range restricted to [0.100000 : 1.00000]
        #datapoints = 10
        residuals are weighted equally (unit weight)

function used for fitting: h(x)
	h(x) = c/x**2
fitted parameters initialized with current variable values

iter      chisq       delta/lim  lambda   c            
   0 1.1982518593e-08   0.00e+00  8.00e-03    2.432283e-04
   2 1.1970607890e-08  -8.22e-01  8.00e-05    2.432614e-04

After 2 iterations the fit converged.
final sum of squares of residuals : 1.19706e-08
rel. change during last iteration : -8.2231e-06

degrees of freedom    (FIT_NDF)                        : 9
rms of residuals      (FIT_STDFIT) = sqrt(WSSR/ndf)    : 3.64701e-05
variance of residuals (reduced chisquare) = WSSR/ndf   : 1.33007e-09

Final set of parameters            Asymptotic Standard Error
=======================            ==========================
c               = 0.000243261      +/- 3.506e-07    (0.1441%)


*******************************************************************************
Wed Jun 26 12:11:23 2024


FIT:    data read from 'MEPPT32.dat' u 1:4
        format = x:z
        x range restricted to [0.100000 : 1.00000]
        #datapoints = 10
        residuals are weighted equally (unit weight)

function used for fitting: f(x)
	f(x) = a/x**2
fitted parameters initialized with current variable values

iter      chisq       delta/lim  lambda   a            
   0 9.6038149054e-06   0.00e+00  1.21e-01    3.672718e-03
   1 9.6038149053e-06  -2.21e-07  1.21e-02    3.672718e-03

After 1 iterations the fit converged.
final sum of squares of residuals : 9.60381e-06
rel. change during last iteration : -2.2127e-12

degrees of freedom    (FIT_NDF)                        : 9
rms of residuals      (FIT_STDFIT) = sqrt(WSSR/ndf)    : 0.001033
variance of residuals (reduced chisquare) = WSSR/ndf   : 1.06709e-06

Final set of parameters            Asymptotic Standard Error
=======================            ==========================
a               = 0.00367272       +/- 9.931e-06    (0.2704%)


*******************************************************************************
Wed Jun 26 12:11:23 2024


FIT:    data read from 'MEPPT64.dat' u 1:4
        format = x:z
        x range restricted to [0.100000 : 1.00000]
        #datapoints = 10
        residuals are weighted equally (unit weight)

function used for fitting: g(x)
	g(x) = b/x**2
fitted parameters initialized with current variable values

iter      chisq       delta/lim  lambda   b            
   0 5.4875479811e-07   0.00e+00  3.12e-02    9.489213e-04
   1 5.4875479811e-07  -2.68e-07  3.12e-03    9.489213e-04

After 1 iterations the fit converged.
final sum of squares of residuals : 5.48755e-07
rel. change during last iteration : -2.67556e-12

degrees of freedom    (FIT_NDF)                        : 9
rms of residuals      (FIT_STDFIT) = sqrt(WSSR/ndf)    : 0.000246927
variance of residuals (reduced chisquare) = WSSR/ndf   : 6.09728e-08

Final set of parameters            Asymptotic Standard Error
=======================            ==========================
b               = 0.000948921      +/- 2.374e-06    (0.2502%)


*******************************************************************************
Wed Jun 26 12:11:23 2024


FIT:    data read from 'MEPPT128.dat' u 1:4
        format = x:z
        x range restricted to [0.100000 : 1.00000]
        #datapoints = 10
        residuals are weighted equally (unit weight)

function used for fitting: h(x)
	h(x) = c/x**2
fitted parameters initialized with current variable values

iter      chisq       delta/lim  lambda   c            
   0 1.1970607890e-08   0.00e+00  8.00e-03    2.432614e-04
   1 1.1970607890e-08  -8.14e-07  8.00e-04    2.432614e-04

After 1 iterations the fit converged.
final sum of squares of residuals : 1.19706e-08
rel. change during last iteration : -8.1383e-12

degrees of freedom    (FIT_NDF)                        : 9
rms of residuals      (FIT_STDFIT) = sqrt(WSSR/ndf)    : 3.64701e-05
variance of residuals (reduced chisquare) = WSSR/ndf   : 1.33007e-09

Final set of parameters            Asymptotic Standard Error
=======================            ==========================
c               = 0.000243261      +/- 3.506e-07    (0.1441%)


*******************************************************************************
Wed Jun 26 12:36:23 2024


FIT:    data read from 'MEPPT32.dat' u 1:4
        format = x:z
        x range restricted to [0.100000 : 1.00000]
        #datapoints = 10
        residuals are weighted equally (unit weight)

function used for fitting: f(x)
	f(x) = a/x**2
fitted parameters initialized with current variable values

iter      chisq       delta/lim  lambda   a            
   0 9.6038149053e-06   0.00e+00  1.21e-01    3.672718e-03
   1 9.6038149053e-06  -1.76e-09  1.21e-02    3.672718e-03

After 1 iterations the fit converged.
final sum of squares of residuals : 9.60381e-06
rel. change during last iteration : -1.76395e-14

degrees of freedom    (FIT_NDF)                        : 9
rms of residuals      (FIT_STDFIT) = sqrt(WSSR/ndf)    : 0.001033
variance of residuals (reduced chisquare) = WSSR/ndf   : 1.06709e-06

Final set of parameters            Asymptotic Standard Error
=======================            ==========================
a               = 0.00367272       +/- 9.931e-06    (0.2704%)


*******************************************************************************
Wed Jun 26 12:36:23 2024


FIT:    data read from 'MEPPT64.dat' u 1:4
        format = x:z
        x range restricted to [0.100000 : 1.00000]
        #datapoints = 10
        residuals are weighted equally (unit weight)

function used for fitting: g(x)
	g(x) = b/x**2
fitted parameters initialized with current variable values

iter      chisq       delta/lim  lambda   b            
   0 5.4875479811e-07   0.00e+00  3.12e-02    9.489213e-04
   1 5.4875479811e-07  -2.16e-09  3.12e-03    9.489213e-04

After 1 iterations the fit converged.
final sum of squares of residuals : 5.48755e-07
rel. change during last iteration : -2.16098e-14

degrees of freedom    (FIT_NDF)                        : 9
rms of residuals      (FIT_STDFIT) = sqrt(WSSR/ndf)    : 0.000246927
variance of residuals (reduced chisquare) = WSSR/ndf   : 6.09728e-08

Final set of parameters            Asymptotic Standard Error
=======================            ==========================
b               = 0.000948921      +/- 2.374e-06    (0.2502%)


*******************************************************************************
Wed Jun 26 12:36:23 2024


FIT:    data read from 'MEPPT128.dat' u 1:4
        format = x:z
        x range restricted to [0.100000 : 1.00000]
        #datapoints = 10
        residuals are weighted equally (unit weight)

function used for fitting: h(x)
	h(x) = c/x**2
fitted parameters initialized with current variable values

iter      chisq       delta/lim  lambda   c            
   0 1.1970607890e-08   0.00e+00  8.00e-03    2.432614e-04
   1 1.1970607890e-08  -6.77e-09  8.00e-04    2.432614e-04

After 1 iterations the fit converged.
final sum of squares of residuals : 1.19706e-08
rel. change during last iteration : -6.7719e-14

degrees of freedom    (FIT_NDF)                        : 9
rms of residuals      (FIT_STDFIT) = sqrt(WSSR/ndf)    : 3.64701e-05
variance of residuals (reduced chisquare) = WSSR/ndf   : 1.33007e-09

Final set of parameters            Asymptotic Standard Error
=======================            ==========================
c               = 0.000243261      +/- 3.506e-07    (0.1441%)


*******************************************************************************
Wed Jun 26 12:42:10 2024


FIT:    data read from 'MEPPT32.dat' u 1:4
        format = x:z
        x range restricted to [0.100000 : 1.00000]
        #datapoints = 10
        residuals are weighted equally (unit weight)

function used for fitting: f(x)
	f(x) = a/x**2
fitted parameters initialized with current variable values

iter      chisq       delta/lim  lambda   a            
   0 9.6038149053e-06   0.00e+00  1.21e-01    3.672718e-03
   1 9.6038149053e-06  -1.23e-10  1.21e-02    3.672718e-03

After 1 iterations the fit converged.
final sum of squares of residuals : 9.60381e-06
rel. change during last iteration : -1.23477e-15

degrees of freedom    (FIT_NDF)                        : 9
rms of residuals      (FIT_STDFIT) = sqrt(WSSR/ndf)    : 0.001033
variance of residuals (reduced chisquare) = WSSR/ndf   : 1.06709e-06

Final set of parameters            Asymptotic Standard Error
=======================            ==========================
a               = 0.00367272       +/- 9.931e-06    (0.2704%)


*******************************************************************************
Wed Jun 26 12:42:10 2024


FIT:    data read from 'MEPPT64.dat' u 1:4
        format = x:z
        x range restricted to [0.100000 : 1.00000]
        #datapoints = 10
        residuals are weighted equally (unit weight)

function used for fitting: g(x)
	g(x) = b/x**2
fitted parameters initialized with current variable values

iter      chisq       delta/lim  lambda   b            
   0 5.4875479811e-07   0.00e+00  3.12e-02    9.489213e-04
   1 5.4875479811e-07  -1.93e-11  3.12e-03    9.489213e-04

After 1 iterations the fit converged.
final sum of squares of residuals : 5.48755e-07
rel. change during last iteration : -1.92944e-16

degrees of freedom    (FIT_NDF)                        : 9
rms of residuals      (FIT_STDFIT) = sqrt(WSSR/ndf)    : 0.000246927
variance of residuals (reduced chisquare) = WSSR/ndf   : 6.09728e-08

Final set of parameters            Asymptotic Standard Error
=======================            ==========================
b               = 0.000948921      +/- 2.374e-06    (0.2502%)


*******************************************************************************
Wed Jun 26 12:42:10 2024


FIT:    data read from 'MEPPT128.dat' u 1:4
        format = x:z
        x range restricted to [0.100000 : 1.00000]
        #datapoints = 10
        residuals are weighted equally (unit weight)

function used for fitting: h(x)
	h(x) = c/x**2
fitted parameters initialized with current variable values

iter      chisq       delta/lim  lambda   c            
   0 1.1970607890e-08   0.00e+00  8.00e-03    2.432614e-04
   1 1.1970607890e-08  -1.52e-10  8.00e-04    2.432614e-04

After 1 iterations the fit converged.
final sum of squares of residuals : 1.19706e-08
rel. change during last iteration : -1.52022e-15

degrees of freedom    (FIT_NDF)                        : 9
rms of residuals      (FIT_STDFIT) = sqrt(WSSR/ndf)    : 3.64701e-05
variance of residuals (reduced chisquare) = WSSR/ndf   : 1.33007e-09

Final set of parameters            Asymptotic Standard Error
=======================            ==========================
c               = 0.000243261      +/- 3.506e-07    (0.1441%)


*******************************************************************************
Wed Jun 26 12:44:21 2024


FIT:    data read from 'MEPPT32.dat' u 1:4
        format = x:z
        x range restricted to [0.100000 : 1.00000]
        #datapoints = 10
        residuals are weighted equally (unit weight)

function used for fitting: f(x)
	f(x) = a/x**2
fitted parameters initialized with current variable values

iter      chisq       delta/lim  lambda   a            
   0 9.6038149053e-06   0.00e+00  1.21e-01    3.672718e-03
   1 9.6038149053e-06   0.00e+00  1.21e+01    3.672718e-03

After 1 iterations the fit converged.
final sum of squares of residuals : 9.60381e-06
rel. change during last iteration : 0

degrees of freedom    (FIT_NDF)                        : 9
rms of residuals      (FIT_STDFIT) = sqrt(WSSR/ndf)    : 0.001033
variance of residuals (reduced chisquare) = WSSR/ndf   : 1.06709e-06

Final set of parameters            Asymptotic Standard Error
=======================            ==========================
a               = 0.00367272       +/- 9.931e-06    (0.2704%)


*******************************************************************************
Wed Jun 26 12:44:21 2024


FIT:    data read from 'MEPPT64.dat' u 1:4
        format = x:z
        x range restricted to [0.100000 : 1.00000]
        #datapoints = 10
        residuals are weighted equally (unit weight)

function used for fitting: g(x)
	g(x) = b/x**2
fitted parameters initialized with current variable values

iter      chisq       delta/lim  lambda   b            
   0 5.4875479811e-07   0.00e+00  3.12e-02    9.489213e-04
   1 5.4875479811e-07   0.00e+00  3.12e-03    9.489213e-04

After 1 iterations the fit converged.
final sum of squares of residuals : 5.48755e-07
rel. change during last iteration : 0

degrees of freedom    (FIT_NDF)                        : 9
rms of residuals      (FIT_STDFIT) = sqrt(WSSR/ndf)    : 0.000246927
variance of residuals (reduced chisquare) = WSSR/ndf   : 6.09728e-08

Final set of parameters            Asymptotic Standard Error
=======================            ==========================
b               = 0.000948921      +/- 2.374e-06    (0.2502%)


*******************************************************************************
Wed Jun 26 12:44:21 2024


FIT:    data read from 'MEPPT128.dat' u 1:4
        format = x:z
        x range restricted to [0.100000 : 1.00000]
        #datapoints = 10
        residuals are weighted equally (unit weight)

function used for fitting: h(x)
	h(x) = c/x**2
fitted parameters initialized with current variable values

iter      chisq       delta/lim  lambda   c            
   0 1.1970607890e-08   0.00e+00  8.00e-03    2.432614e-04
   1 1.1970607890e-08   0.00e+00  8.00e-03    2.432614e-04

After 1 iterations the fit converged.
final sum of squares of residuals : 1.19706e-08
rel. change during last iteration : 0

degrees of freedom    (FIT_NDF)                        : 9
rms of residuals      (FIT_STDFIT) = sqrt(WSSR/ndf)    : 3.64701e-05
variance of residuals (reduced chisquare) = WSSR/ndf   : 1.33007e-09

Final set of parameters            Asymptotic Standard Error
=======================            ==========================
c               = 0.000243261      +/- 3.506e-07    (0.1441%)


*******************************************************************************
Wed Jun 26 13:59:24 2024


FIT:    data read from 'MEPPT32.dat' u 1:4
        format = x:z
        x range restricted to [0.00000 : 5.00000]
        #datapoints = 50
        residuals are weighted equally (unit weight)

function used for fitting: f(x)
	f(x) = a/x**2
fitted parameters initialized with current variable values

iter      chisq       delta/lim  lambda   a            
   0 1.9516663580e-05   0.00e+00  5.40e-02    3.672718e-03
   2 1.9514065356e-05  -5.12e-03  5.40e-04    3.672228e-03

After 2 iterations the fit converged.
final sum of squares of residuals : 1.95141e-05
rel. change during last iteration : -5.11904e-08

degrees of freedom    (FIT_NDF)                        : 49
rms of residuals      (FIT_STDFIT) = sqrt(WSSR/ndf)    : 0.000631068
variance of residuals (reduced chisquare) = WSSR/ndf   : 3.98246e-07

Final set of parameters            Asymptotic Standard Error
=======================            ==========================
a               = 0.00367223       +/- 6.066e-06    (0.1652%)


*******************************************************************************
Wed Jun 26 13:59:24 2024


FIT:    data read from 'MEPPT64.dat' u 1:4
        format = x:z
        x range restricted to [0.00000 : 5.00000]
        #datapoints = 50
        residuals are weighted equally (unit weight)

function used for fitting: g(x)
	g(x) = b/x**2
fitted parameters initialized with current variable values

iter      chisq       delta/lim  lambda   b            
   0 1.2338394124e-06   0.00e+00  1.40e-02    9.489213e-04
   2 1.2336598847e-06  -5.59e-03  1.40e-04    9.487925e-04

After 2 iterations the fit converged.
final sum of squares of residuals : 1.23366e-06
rel. change during last iteration : -5.59494e-08

degrees of freedom    (FIT_NDF)                        : 49
rms of residuals      (FIT_STDFIT) = sqrt(WSSR/ndf)    : 0.000158672
variance of residuals (reduced chisquare) = WSSR/ndf   : 2.51767e-08

Final set of parameters            Asymptotic Standard Error
=======================            ==========================
b               = 0.000948793      +/- 1.525e-06    (0.1607%)


*******************************************************************************
Wed Jun 26 13:59:24 2024


FIT:    data read from 'MEPPT128.dat' u 1:4
        format = x:z
        x range restricted to [0.00000 : 5.00000]
        #datapoints = 50
        residuals are weighted equally (unit weight)

function used for fitting: h(x)
	h(x) = c/x**2
fitted parameters initialized with current variable values

iter      chisq       delta/lim  lambda   c            
   0 5.7682806472e-08   0.00e+00  3.58e-03    2.432614e-04
   2 5.7670892643e-08  -7.94e-03  3.58e-05    2.432283e-04

After 2 iterations the fit converged.
final sum of squares of residuals : 5.76709e-08
rel. change during last iteration : -7.94245e-08

degrees of freedom    (FIT_NDF)                        : 49
rms of residuals      (FIT_STDFIT) = sqrt(WSSR/ndf)    : 3.43068e-05
variance of residuals (reduced chisquare) = WSSR/ndf   : 1.17696e-09

Final set of parameters            Asymptotic Standard Error
=======================            ==========================
c               = 0.000243228      +/- 3.298e-07    (0.1356%)


*******************************************************************************
Wed Jun 26 13:59:40 2024


FIT:    data read from 'MEPPT32.dat' u 1:4
        format = x:z
        x range restricted to [0.100000 : 1.00000]
        #datapoints = 10
        residuals are weighted equally (unit weight)

function used for fitting: f(x)
	f(x) = a/x**2
fitted parameters initialized with current variable values

iter      chisq       delta/lim  lambda   a            
   0 9.6064124269e-06   0.00e+00  1.21e-01    3.672228e-03
   2 9.6038149054e-06  -2.24e-01  1.21e-03    3.672718e-03

After 2 iterations the fit converged.
final sum of squares of residuals : 9.60381e-06
rel. change during last iteration : -2.23527e-06

degrees of freedom    (FIT_NDF)                        : 9
rms of residuals      (FIT_STDFIT) = sqrt(WSSR/ndf)    : 0.001033
variance of residuals (reduced chisquare) = WSSR/ndf   : 1.06709e-06

Final set of parameters            Asymptotic Standard Error
=======================            ==========================
a               = 0.00367272       +/- 9.931e-06    (0.2704%)


*******************************************************************************
Wed Jun 26 13:59:40 2024


FIT:    data read from 'MEPPT64.dat' u 1:4
        format = x:z
        x range restricted to [0.100000 : 1.00000]
        #datapoints = 10
        residuals are weighted equally (unit weight)

function used for fitting: g(x)
	g(x) = b/x**2
fitted parameters initialized with current variable values

iter      chisq       delta/lim  lambda   b            
   0 5.4893427723e-07   0.00e+00  3.12e-02    9.487925e-04
   2 5.4875479811e-07  -2.70e-01  3.12e-04    9.489213e-04

After 2 iterations the fit converged.
final sum of squares of residuals : 5.48755e-07
rel. change during last iteration : -2.70302e-06

degrees of freedom    (FIT_NDF)                        : 9
rms of residuals      (FIT_STDFIT) = sqrt(WSSR/ndf)    : 0.000246927
variance of residuals (reduced chisquare) = WSSR/ndf   : 6.09728e-08

Final set of parameters            Asymptotic Standard Error
=======================            ==========================
b               = 0.000948921      +/- 2.374e-06    (0.2502%)


*******************************************************************************
Wed Jun 26 13:59:40 2024


FIT:    data read from 'MEPPT128.dat' u 1:4
        format = x:z
        x range restricted to [0.100000 : 1.00000]
        #datapoints = 10
        residuals are weighted equally (unit weight)

function used for fitting: h(x)
	h(x) = c/x**2
fitted parameters initialized with current variable values

iter      chisq       delta/lim  lambda   c            
   0 1.1982518500e-08   0.00e+00  8.00e-03    2.432283e-04
   2 1.1970607890e-08  -8.22e-01  8.00e-05    2.432614e-04

After 2 iterations the fit converged.
final sum of squares of residuals : 1.19706e-08
rel. change during last iteration : -8.22303e-06

degrees of freedom    (FIT_NDF)                        : 9
rms of residuals      (FIT_STDFIT) = sqrt(WSSR/ndf)    : 3.64701e-05
variance of residuals (reduced chisquare) = WSSR/ndf   : 1.33007e-09

Final set of parameters            Asymptotic Standard Error
=======================            ==========================
c               = 0.000243261      +/- 3.506e-07    (0.1441%)


*******************************************************************************
Wed Jun 26 16:55:26 2024


FIT:    data read from 'MEPPT32.dat' u 1:4
        format = x:z
        x range restricted to [0.800000 : 1.20000]
        #datapoints = 4
        residuals are weighted equally (unit weight)

function used for fitting: f(x)
	f(x) = a/x**2
fitted parameters initialized with current variable values

iter      chisq       delta/lim  lambda   a            
   0 1.0548976350e-05   0.00e+00  4.36e-03    3.672718e-03
   3 5.9668117922e-07  -4.15e-01  4.36e-06    2.345348e-03

After 3 iterations the fit converged.
final sum of squares of residuals : 5.96681e-07
rel. change during last iteration : -4.14908e-06

degrees of freedom    (FIT_NDF)                        : 3
rms of residuals      (FIT_STDFIT) = sqrt(WSSR/ndf)    : 0.000445975
variance of residuals (reduced chisquare) = WSSR/ndf   : 1.98894e-07

Final set of parameters            Asymptotic Standard Error
=======================            ==========================
a               = 0.00234535       +/- 0.0001876    (8.001%)


*******************************************************************************
Wed Jun 26 16:55:26 2024


FIT:    data read from 'MEPPT64.dat' u 1:4
        format = x:z
        x range restricted to [0.800000 : 1.20000]
        #datapoints = 4
        residuals are weighted equally (unit weight)

function used for fitting: g(x)
	g(x) = b/x**2
fitted parameters initialized with current variable values

iter      chisq       delta/lim  lambda   b            
   0 6.6603041366e-07   0.00e+00  1.13e-03    9.489213e-04
   3 6.3686881429e-08  -2.35e-01  1.13e-06    6.223692e-04

After 3 iterations the fit converged.
final sum of squares of residuals : 6.36869e-08
rel. change during last iteration : -2.35269e-06

degrees of freedom    (FIT_NDF)                        : 3
rms of residuals      (FIT_STDFIT) = sqrt(WSSR/ndf)    : 0.000145702
variance of residuals (reduced chisquare) = WSSR/ndf   : 2.1229e-08

Final set of parameters            Asymptotic Standard Error
=======================            ==========================
b               = 0.000622369      +/- 6.13e-05     (9.85%)


*******************************************************************************
Wed Jun 26 16:55:26 2024


FIT:    data read from 'MEPPT128.dat' u 1:4
        format = x:z
        x range restricted to [0.800000 : 1.20000]
        #datapoints = 4
        residuals are weighted equally (unit weight)

function used for fitting: h(x)
	h(x) = c/x**2
fitted parameters initialized with current variable values

iter      chisq       delta/lim  lambda   c            
   0 2.0127721614e-08   0.00e+00  2.89e-04    2.432614e-04
   3 6.7394828743e-09  -4.94e-02  2.89e-07    1.945768e-04

After 3 iterations the fit converged.
final sum of squares of residuals : 6.73948e-09
rel. change during last iteration : -4.94161e-07

degrees of freedom    (FIT_NDF)                        : 3
rms of residuals      (FIT_STDFIT) = sqrt(WSSR/ndf)    : 4.73972e-05
variance of residuals (reduced chisquare) = WSSR/ndf   : 2.24649e-09

Final set of parameters            Asymptotic Standard Error
=======================            ==========================
c               = 0.000194577      +/- 1.994e-05    (10.25%)
