

*******************************************************************************
Tue Jun 25 22:06:45 2024


FIT:    data read from 'MEPPT32.dat'
        format = z
        #datapoints = 50
        residuals are weighted equally (unit weight)

function used for fitting: f(x)
	f(x) = a/x^2
fitted parameters initialized with current variable values



*******************************************************************************
Tue Jun 25 22:07:50 2024


FIT:    data read from 'MEPPT32.dat'
        format = z
        #datapoints = 50
        residuals are weighted equally (unit weight)

function used for fitting: f(x)
	f(x) = a/x^2
fitted parameters initialized with current variable values



*******************************************************************************
Tue Jun 25 22:08:10 2024


FIT:    data read from 'MEPPT32.dat'
        format = z
        #datapoints = 50
        residuals are weighted equally (unit weight)

function used for fitting: f(x)
	f(x) = a/x^2
fitted parameters initialized with current variable values



*******************************************************************************
Tue Jun 25 22:09:07 2024


FIT:    data read from 'MEPPT32.dat' u 1:4
        format = x:z
        #datapoints = 50
        residuals are weighted equally (unit weight)

function used for fitting: f(x)
	f(x) = a/x^2
fitted parameters initialized with current variable values



*******************************************************************************
Tue Jun 25 22:09:26 2024


FIT:    data read from 'MEPPT32.dat' u
        format = z
        #datapoints = 50
        residuals are weighted equally (unit weight)

function used for fitting: f(x)
	f(x) = a/x^2
BREAK: Need via and either parameter list or file

*******************************************************************************
Tue Jun 25 22:09:37 2024


FIT:    data read from 'MEPPT32.dat' u
        format = z
        #datapoints = 50
        residuals are weighted equally (unit weight)

function used for fitting: f(x)
	f(x) = a/x^2
BREAK: Need via and either parameter list or file

*******************************************************************************
Tue Jun 25 22:09:55 2024


FIT:    data read from 'MEPPT32.dat' u 1:4
        format = x:z
        #datapoints = 50
        residuals are weighted equally (unit weight)

function used for fitting: f(x)
	f(x) = a/x**2
fitted parameters initialized with current variable values

iter      chisq       delta/lim  lambda   a            
   0 1.0743871908e+04   0.00e+00  1.47e+01    1.000000e+00
   4 5.9920498307e-05  -1.10e-09  1.47e-03    3.671764e-03

After 4 iterations the fit converged.
final sum of squares of residuals : 5.99205e-05
rel. change during last iteration : -1.09695e-14

degrees of freedom    (FIT_NDF)                        : 49
rms of residuals      (FIT_STDFIT) = sqrt(WSSR/ndf)    : 0.00110583
variance of residuals (reduced chisquare) = WSSR/ndf   : 1.22287e-06

Final set of parameters            Asymptotic Standard Error
=======================            ==========================
a               = 0.00367176       +/- 1.063e-05    (0.2895%)


*******************************************************************************
Tue Jun 25 22:09:55 2024


FIT:    data read from 'MEPPT64.dat' u 1:4
        format = x:z
        #datapoints = 50
        residuals are weighted equally (unit weight)

function used for fitting: g(x)
	g(x) = b/x**2
fitted parameters initialized with current variable values

iter      chisq       delta/lim  lambda   b            
   0 1.0802682466e+04   0.00e+00  1.47e+01    1.000000e+00
   4 4.0037608242e-06  -1.66e-08  1.47e-03    9.485977e-04

After 4 iterations the fit converged.
final sum of squares of residuals : 4.00376e-06
rel. change during last iteration : -1.65863e-13

degrees of freedom    (FIT_NDF)                        : 49
rms of residuals      (FIT_STDFIT) = sqrt(WSSR/ndf)    : 0.000285849
variance of residuals (reduced chisquare) = WSSR/ndf   : 8.17094e-08

Final set of parameters            Asymptotic Standard Error
=======================            ==========================
b               = 0.000948598      +/- 2.748e-06    (0.2897%)


*******************************************************************************
Tue Jun 25 22:09:55 2024


FIT:    data read from 'MEPPT128.dat' u 1:4
        format = x:z
        #datapoints = 50
        residuals are weighted equally (unit weight)

function used for fitting: h(x)
	h(x) = c/x**2
fitted parameters initialized with current variable values

iter      chisq       delta/lim  lambda   c            
   0 1.0817942962e+04   0.00e+00  1.47e+01    1.000000e+00
   4 1.8681808933e-07  -3.56e-07  1.47e-03    2.431875e-04

After 4 iterations the fit converged.
final sum of squares of residuals : 1.86818e-07
rel. change during last iteration : -3.56089e-12

degrees of freedom    (FIT_NDF)                        : 49
rms of residuals      (FIT_STDFIT) = sqrt(WSSR/ndf)    : 6.17464e-05
variance of residuals (reduced chisquare) = WSSR/ndf   : 3.81261e-09

Final set of parameters            Asymptotic Standard Error
=======================            ==========================
c               = 0.000243188      +/- 5.935e-07    (0.2441%)


*******************************************************************************
Tue Jun 25 22:19:08 2024


FIT:    data read from 'MEPPT32.dat' u 1:4
        format = x:z
        #datapoints = 50
        residuals are weighted equally (unit weight)

function used for fitting: f(x)
	f(x) = a/x**2
fitted parameters initialized with current variable values

iter      chisq       delta/lim  lambda   a            
   0 5.9920498307e-05   0.00e+00  5.40e-02    3.671764e-03
   1 5.9920498307e-05   0.00e+00  5.40e-03    3.671764e-03

After 1 iterations the fit converged.
final sum of squares of residuals : 5.99205e-05
rel. change during last iteration : 0

degrees of freedom    (FIT_NDF)                        : 49
rms of residuals      (FIT_STDFIT) = sqrt(WSSR/ndf)    : 0.00110583
variance of residuals (reduced chisquare) = WSSR/ndf   : 1.22287e-06

Final set of parameters            Asymptotic Standard Error
=======================            ==========================
a               = 0.00367176       +/- 1.063e-05    (0.2895%)


*******************************************************************************
Tue Jun 25 22:19:08 2024


FIT:    data read from 'MEPPT64.dat' u 1:4
        format = x:z
        #datapoints = 50
        residuals are weighted equally (unit weight)

function used for fitting: g(x)
	g(x) = b/x**2
fitted parameters initialized with current variable values

iter      chisq       delta/lim  lambda   b            
   0 4.0037608242e-06   0.00e+00  1.40e-02    9.485977e-04
   1 4.0037608242e-06   0.00e+00  1.40e-03    9.485977e-04

After 1 iterations the fit converged.
final sum of squares of residuals : 4.00376e-06
rel. change during last iteration : 0

degrees of freedom    (FIT_NDF)                        : 49
rms of residuals      (FIT_STDFIT) = sqrt(WSSR/ndf)    : 0.000285849
variance of residuals (reduced chisquare) = WSSR/ndf   : 8.17094e-08

Final set of parameters            Asymptotic Standard Error
=======================            ==========================
b               = 0.000948598      +/- 2.748e-06    (0.2897%)


*******************************************************************************
Tue Jun 25 22:19:08 2024


FIT:    data read from 'MEPPT128.dat' u 1:4
        format = x:z
        #datapoints = 50
        residuals are weighted equally (unit weight)

function used for fitting: h(x)
	h(x) = c/x**2
fitted parameters initialized with current variable values

iter      chisq       delta/lim  lambda   c            
   0 1.8681808933e-07   0.00e+00  3.58e-03    2.431875e-04
   1 1.8681808933e-07   0.00e+00  3.58e-02    2.431875e-04

After 1 iterations the fit converged.
final sum of squares of residuals : 1.86818e-07
rel. change during last iteration : 0

degrees of freedom    (FIT_NDF)                        : 49
rms of residuals      (FIT_STDFIT) = sqrt(WSSR/ndf)    : 6.17464e-05
variance of residuals (reduced chisquare) = WSSR/ndf   : 3.81261e-09

Final set of parameters            Asymptotic Standard Error
=======================            ==========================
c               = 0.000243188      +/- 5.935e-07    (0.2441%)


*******************************************************************************
Tue Jun 25 22:19:35 2024


FIT:    data read from 'MEPPT32.dat' u 1:4
        format = x:z
        x range restricted to [0.00000 : 1.00000]
        #datapoints = 10
        residuals are weighted equally (unit weight)

function used for fitting: f(x)
	f(x) = a/x**2
fitted parameters initialized with current variable values

iter      chisq       delta/lim  lambda   a            
   0 2.4268055741e-05   0.00e+00  1.21e-01    3.671764e-03
   2 2.4258700474e-05  -3.19e-01  1.21e-03    3.672694e-03

After 2 iterations the fit converged.
final sum of squares of residuals : 2.42587e-05
rel. change during last iteration : -3.18715e-06

degrees of freedom    (FIT_NDF)                        : 9
rms of residuals      (FIT_STDFIT) = sqrt(WSSR/ndf)    : 0.00164177
variance of residuals (reduced chisquare) = WSSR/ndf   : 2.69541e-06

Final set of parameters            Asymptotic Standard Error
=======================            ==========================
a               = 0.00367269       +/- 1.578e-05    (0.4297%)


*******************************************************************************
Tue Jun 25 22:19:35 2024


FIT:    data read from 'MEPPT64.dat' u 1:4
        format = x:z
        x range restricted to [0.00000 : 1.00000]
        #datapoints = 10
        residuals are weighted equally (unit weight)

function used for fitting: g(x)
	g(x) = b/x**2
fitted parameters initialized with current variable values

iter      chisq       delta/lim  lambda   b            
   0 1.6233119023e-06   0.00e+00  3.12e-02    9.485977e-04
   2 1.6226872787e-06  -3.18e-01  3.12e-04    9.488379e-04

After 2 iterations the fit converged.
final sum of squares of residuals : 1.62269e-06
rel. change during last iteration : -3.18125e-06

degrees of freedom    (FIT_NDF)                        : 9
rms of residuals      (FIT_STDFIT) = sqrt(WSSR/ndf)    : 0.000424616
variance of residuals (reduced chisquare) = WSSR/ndf   : 1.80299e-07

Final set of parameters            Asymptotic Standard Error
=======================            ==========================
b               = 0.000948838      +/- 4.082e-06    (0.4302%)


*******************************************************************************
Tue Jun 25 22:19:35 2024


FIT:    data read from 'MEPPT128.dat' u 1:4
        format = x:z
        x range restricted to [0.00000 : 1.00000]
        #datapoints = 10
        residuals are weighted equally (unit weight)

function used for fitting: h(x)
	h(x) = c/x**2
fitted parameters initialized with current variable values

iter      chisq       delta/lim  lambda   c            
   0 4.2431052935e-08   0.00e+00  8.00e-03    2.431875e-04
   2 4.2393240769e-08  -7.37e-01  8.00e-05    2.432466e-04

After 2 iterations the fit converged.
final sum of squares of residuals : 4.23932e-08
rel. change during last iteration : -7.37139e-06

degrees of freedom    (FIT_NDF)                        : 9
rms of residuals      (FIT_STDFIT) = sqrt(WSSR/ndf)    : 6.86321e-05
variance of residuals (reduced chisquare) = WSSR/ndf   : 4.71036e-09

Final set of parameters            Asymptotic Standard Error
=======================            ==========================
c               = 0.000243247      +/- 6.598e-07    (0.2712%)


*******************************************************************************
Tue Jun 25 22:20:17 2024


FIT:    data read from 'MEPPT32.dat' u 1:4
        format = x:z
        x range restricted to [0.00000 : 1.00000]
        #datapoints = 10
        residuals are weighted equally (unit weight)

function used for fitting: f(x)
	f(x) = a/x**2
fitted parameters initialized with current variable values

iter      chisq       delta/lim  lambda   a            
   0 2.4258700474e-05   0.00e+00  1.21e-01    3.672694e-03
   1 2.4258700474e-05  -3.15e-07  1.21e-02    3.672694e-03

After 1 iterations the fit converged.
final sum of squares of residuals : 2.42587e-05
rel. change during last iteration : -3.15465e-12

degrees of freedom    (FIT_NDF)                        : 9
rms of residuals      (FIT_STDFIT) = sqrt(WSSR/ndf)    : 0.00164177
variance of residuals (reduced chisquare) = WSSR/ndf   : 2.69541e-06

Final set of parameters            Asymptotic Standard Error
=======================            ==========================
a               = 0.00367269       +/- 1.578e-05    (0.4297%)


*******************************************************************************
Tue Jun 25 22:20:17 2024


FIT:    data read from 'MEPPT64.dat' u 1:4
        format = x:z
        x range restricted to [0.00000 : 1.00000]
        #datapoints = 10
        residuals are weighted equally (unit weight)

function used for fitting: g(x)
	g(x) = b/x**2
fitted parameters initialized with current variable values

iter      chisq       delta/lim  lambda   b            
   0 1.6226872787e-06   0.00e+00  3.12e-02    9.488379e-04
   1 1.6226872787e-06  -3.15e-07  3.12e-03    9.488379e-04

After 1 iterations the fit converged.
final sum of squares of residuals : 1.62269e-06
rel. change during last iteration : -3.14867e-12

degrees of freedom    (FIT_NDF)                        : 9
rms of residuals      (FIT_STDFIT) = sqrt(WSSR/ndf)    : 0.000424616
variance of residuals (reduced chisquare) = WSSR/ndf   : 1.80299e-07

Final set of parameters            Asymptotic Standard Error
=======================            ==========================
b               = 0.000948838      +/- 4.082e-06    (0.4302%)


*******************************************************************************
Tue Jun 25 22:20:17 2024


FIT:    data read from 'MEPPT128.dat' u 1:4
        format = x:z
        x range restricted to [0.00000 : 1.00000]
        #datapoints = 10
        residuals are weighted equally (unit weight)

function used for fitting: h(x)
	h(x) = c/x**2
fitted parameters initialized with current variable values

iter      chisq       delta/lim  lambda   c            
   0 4.2393240769e-08   0.00e+00  8.00e-03    2.432466e-04
   1 4.2393240768e-08  -7.30e-07  8.00e-04    2.432467e-04

After 1 iterations the fit converged.
final sum of squares of residuals : 4.23932e-08
rel. change during last iteration : -7.29627e-12

degrees of freedom    (FIT_NDF)                        : 9
rms of residuals      (FIT_STDFIT) = sqrt(WSSR/ndf)    : 6.86321e-05
variance of residuals (reduced chisquare) = WSSR/ndf   : 4.71036e-09

Final set of parameters            Asymptotic Standard Error
=======================            ==========================
c               = 0.000243247      +/- 6.598e-07    (0.2712%)


*******************************************************************************
Tue Jun 25 22:20:32 2024


FIT:    data read from 'MEPPT32.dat' u 1:4
        format = x:z
        x range restricted to [0.00000 : 1.00000]
        #datapoints = 10
        residuals are weighted equally (unit weight)

function used for fitting: f(x)
	f(x) = a/x**2
fitted parameters initialized with current variable values

iter      chisq       delta/lim  lambda   a            
   0 2.4258700474e-05   0.00e+00  1.21e-01    3.672694e-03
   1 2.4258700474e-05  -2.58e-09  1.21e-02    3.672694e-03

After 1 iterations the fit converged.
final sum of squares of residuals : 2.42587e-05
rel. change during last iteration : -2.58383e-14

degrees of freedom    (FIT_NDF)                        : 9
rms of residuals      (FIT_STDFIT) = sqrt(WSSR/ndf)    : 0.00164177
variance of residuals (reduced chisquare) = WSSR/ndf   : 2.69541e-06

Final set of parameters            Asymptotic Standard Error
=======================            ==========================
a               = 0.00367269       +/- 1.578e-05    (0.4297%)


*******************************************************************************
Tue Jun 25 22:20:32 2024


FIT:    data read from 'MEPPT64.dat' u 1:4
        format = x:z
        x range restricted to [0.00000 : 1.00000]
        #datapoints = 10
        residuals are weighted equally (unit weight)

function used for fitting: g(x)
	g(x) = b/x**2
fitted parameters initialized with current variable values

iter      chisq       delta/lim  lambda   b            
   0 1.6226872787e-06   0.00e+00  3.12e-02    9.488379e-04
   1 1.6226872787e-06  -2.60e-09  3.12e-03    9.488379e-04

After 1 iterations the fit converged.
final sum of squares of residuals : 1.62269e-06
rel. change during last iteration : -2.59692e-14

degrees of freedom    (FIT_NDF)                        : 9
rms of residuals      (FIT_STDFIT) = sqrt(WSSR/ndf)    : 0.000424616
variance of residuals (reduced chisquare) = WSSR/ndf   : 1.80299e-07

Final set of parameters            Asymptotic Standard Error
=======================            ==========================
b               = 0.000948838      +/- 4.082e-06    (0.4302%)


*******************************************************************************
Tue Jun 25 22:20:32 2024


FIT:    data read from 'MEPPT128.dat' u 1:4
        format = x:z
        x range restricted to [0.00000 : 1.00000]
        #datapoints = 10
        residuals are weighted equally (unit weight)

function used for fitting: h(x)
	h(x) = c/x**2
fitted parameters initialized with current variable values

iter      chisq       delta/lim  lambda   c            
   0 4.2393240768e-08   0.00e+00  8.00e-03    2.432467e-04
   1 4.2393240768e-08  -6.04e-09  8.00e-04    2.432467e-04

After 1 iterations the fit converged.
final sum of squares of residuals : 4.23932e-08
rel. change during last iteration : -6.04094e-14

degrees of freedom    (FIT_NDF)                        : 9
rms of residuals      (FIT_STDFIT) = sqrt(WSSR/ndf)    : 6.86321e-05
variance of residuals (reduced chisquare) = WSSR/ndf   : 4.71036e-09

Final set of parameters            Asymptotic Standard Error
=======================            ==========================
c               = 0.000243247      +/- 6.598e-07    (0.2712%)


*******************************************************************************
Tue Jun 25 22:20:36 2024


FIT:    data read from 'MEPPT32.dat' u 1:4
        format = x:z
        x range restricted to [0.00000 : 1.00000]
        #datapoints = 10
        residuals are weighted equally (unit weight)

function used for fitting: f(x)
	f(x) = a/x**2
fitted parameters initialized with current variable values

iter      chisq       delta/lim  lambda   a            
   0 2.4258700474e-05   0.00e+00  1.21e-01    3.672694e-03
   1 2.4258700474e-05  -4.19e-11  1.21e-02    3.672694e-03

After 1 iterations the fit converged.
final sum of squares of residuals : 2.42587e-05
rel. change during last iteration : -4.19e-16

degrees of freedom    (FIT_NDF)                        : 9
rms of residuals      (FIT_STDFIT) = sqrt(WSSR/ndf)    : 0.00164177
variance of residuals (reduced chisquare) = WSSR/ndf   : 2.69541e-06

Final set of parameters            Asymptotic Standard Error
=======================            ==========================
a               = 0.00367269       +/- 1.578e-05    (0.4297%)


*******************************************************************************
Tue Jun 25 22:20:36 2024


FIT:    data read from 'MEPPT64.dat' u 1:4
        format = x:z
        x range restricted to [0.00000 : 1.00000]
        #datapoints = 10
        residuals are weighted equally (unit weight)

function used for fitting: g(x)
	g(x) = b/x**2
fitted parameters initialized with current variable values

iter      chisq       delta/lim  lambda   b            
   0 1.6226872787e-06   0.00e+00  3.12e-02    9.488379e-04
   1 1.6226872787e-06   0.00e+00  3.12e-02    9.488379e-04

After 1 iterations the fit converged.
final sum of squares of residuals : 1.62269e-06
rel. change during last iteration : 0

degrees of freedom    (FIT_NDF)                        : 9
rms of residuals      (FIT_STDFIT) = sqrt(WSSR/ndf)    : 0.000424616
variance of residuals (reduced chisquare) = WSSR/ndf   : 1.80299e-07

Final set of parameters            Asymptotic Standard Error
=======================            ==========================
b               = 0.000948838      +/- 4.082e-06    (0.4302%)


*******************************************************************************
Tue Jun 25 22:20:36 2024


FIT:    data read from 'MEPPT128.dat' u 1:4
        format = x:z
        x range restricted to [0.00000 : 1.00000]
        #datapoints = 10
        residuals are weighted equally (unit weight)

function used for fitting: h(x)
	h(x) = c/x**2
fitted parameters initialized with current variable values

iter      chisq       delta/lim  lambda   c            
   0 4.2393240768e-08   0.00e+00  8.00e-03    2.432467e-04
   1 4.2393240768e-08   0.00e+00  8.00e-04    2.432467e-04

After 1 iterations the fit converged.
final sum of squares of residuals : 4.23932e-08
rel. change during last iteration : 0

degrees of freedom    (FIT_NDF)                        : 9
rms of residuals      (FIT_STDFIT) = sqrt(WSSR/ndf)    : 6.86321e-05
variance of residuals (reduced chisquare) = WSSR/ndf   : 4.71036e-09

Final set of parameters            Asymptotic Standard Error
=======================            ==========================
c               = 0.000243247      +/- 6.598e-07    (0.2712%)


*******************************************************************************
Tue Jun 25 22:20:57 2024


FIT:    data read from 'MEPPT32.dat' u 1:4
        format = x:z
        x range restricted to [0.00000 : 1.00000]
        #datapoints = 10
        residuals are weighted equally (unit weight)

function used for fitting: f(x)
	f(x) = a/x**2
fitted parameters initialized with current variable values

iter      chisq       delta/lim  lambda   a            
   0 2.4258700474e-05   0.00e+00  1.21e-01    3.672694e-03
   1 2.4258700474e-05   0.00e+00  1.21e+02    3.672694e-03

After 1 iterations the fit converged.
final sum of squares of residuals : 2.42587e-05
rel. change during last iteration : 0

degrees of freedom    (FIT_NDF)                        : 9
rms of residuals      (FIT_STDFIT) = sqrt(WSSR/ndf)    : 0.00164177
variance of residuals (reduced chisquare) = WSSR/ndf   : 2.69541e-06

Final set of parameters            Asymptotic Standard Error
=======================            ==========================
a               = 0.00367269       +/- 1.578e-05    (0.4297%)


*******************************************************************************
Tue Jun 25 22:20:57 2024


FIT:    data read from 'MEPPT64.dat' u 1:4
        format = x:z
        x range restricted to [0.00000 : 1.00000]
        #datapoints = 10
        residuals are weighted equally (unit weight)

function used for fitting: g(x)
	g(x) = b/x**2
fitted parameters initialized with current variable values

iter      chisq       delta/lim  lambda   b            
   0 1.6226872787e-06   0.00e+00  3.12e-02    9.488379e-04
   1 1.6226872787e-06  -1.30e-11  3.12e-01    9.488379e-04

After 1 iterations the fit converged.
final sum of squares of residuals : 1.62269e-06
rel. change during last iteration : -1.30498e-16

degrees of freedom    (FIT_NDF)                        : 9
rms of residuals      (FIT_STDFIT) = sqrt(WSSR/ndf)    : 0.000424616
variance of residuals (reduced chisquare) = WSSR/ndf   : 1.80299e-07

Final set of parameters            Asymptotic Standard Error
=======================            ==========================
b               = 0.000948838      +/- 4.082e-06    (0.4302%)


*******************************************************************************
Tue Jun 25 22:20:57 2024


FIT:    data read from 'MEPPT128.dat' u 1:4
        format = x:z
        x range restricted to [0.00000 : 1.00000]
        #datapoints = 10
        residuals are weighted equally (unit weight)

function used for fitting: h(x)
	h(x) = c/x**2
fitted parameters initialized with current variable values

iter      chisq       delta/lim  lambda   c            
   0 4.2393240768e-08   0.00e+00  8.00e-03    2.432467e-04
   1 4.2393240768e-08  -4.68e-11  8.00e-04    2.432467e-04

After 1 iterations the fit converged.
final sum of squares of residuals : 4.23932e-08
rel. change during last iteration : -4.6829e-16

degrees of freedom    (FIT_NDF)                        : 9
rms of residuals      (FIT_STDFIT) = sqrt(WSSR/ndf)    : 6.86321e-05
variance of residuals (reduced chisquare) = WSSR/ndf   : 4.71036e-09

Final set of parameters            Asymptotic Standard Error
=======================            ==========================
c               = 0.000243247      +/- 6.598e-07    (0.2712%)


*******************************************************************************
Tue Jun 25 22:21:18 2024


FIT:    data read from 'MEPPT32.dat' u 1:4
        format = x:z
        x range restricted to [0.00000 : 1.00000]
        #datapoints = 10
        residuals are weighted equally (unit weight)

function used for fitting: f(x)
	f(x) = a/x**2
fitted parameters initialized with current variable values

iter      chisq       delta/lim  lambda   a            
   0 2.4258700474e-05   0.00e+00  1.21e-01    3.672694e-03
   1 2.4258700474e-05   0.00e+00  1.21e+02    3.672694e-03

After 1 iterations the fit converged.
final sum of squares of residuals : 2.42587e-05
rel. change during last iteration : 0

degrees of freedom    (FIT_NDF)                        : 9
rms of residuals      (FIT_STDFIT) = sqrt(WSSR/ndf)    : 0.00164177
variance of residuals (reduced chisquare) = WSSR/ndf   : 2.69541e-06

Final set of parameters            Asymptotic Standard Error
=======================            ==========================
a               = 0.00367269       +/- 1.578e-05    (0.4297%)


*******************************************************************************
Tue Jun 25 22:21:18 2024


FIT:    data read from 'MEPPT64.dat' u 1:4
        format = x:z
        x range restricted to [0.00000 : 1.00000]
        #datapoints = 10
        residuals are weighted equally (unit weight)

function used for fitting: g(x)
	g(x) = b/x**2
fitted parameters initialized with current variable values

iter      chisq       delta/lim  lambda   b            
   0 1.6226872787e-06   0.00e+00  3.12e-02    9.488379e-04
   1 1.6226872787e-06   0.00e+00  3.12e-03    9.488379e-04

After 1 iterations the fit converged.
final sum of squares of residuals : 1.62269e-06
rel. change during last iteration : 0

degrees of freedom    (FIT_NDF)                        : 9
rms of residuals      (FIT_STDFIT) = sqrt(WSSR/ndf)    : 0.000424616
variance of residuals (reduced chisquare) = WSSR/ndf   : 1.80299e-07

Final set of parameters            Asymptotic Standard Error
=======================            ==========================
b               = 0.000948838      +/- 4.082e-06    (0.4302%)


*******************************************************************************
Tue Jun 25 22:21:18 2024


FIT:    data read from 'MEPPT128.dat' u 1:4
        format = x:z
        x range restricted to [0.00000 : 1.00000]
        #datapoints = 10
        residuals are weighted equally (unit weight)

function used for fitting: h(x)
	h(x) = c/x**2
fitted parameters initialized with current variable values

iter      chisq       delta/lim  lambda   c            
   0 4.2393240768e-08   0.00e+00  8.00e-03    2.432467e-04
   1 4.2393240768e-08   0.00e+00  8.00e-02    2.432467e-04

After 1 iterations the fit converged.
final sum of squares of residuals : 4.23932e-08
rel. change during last iteration : 0

degrees of freedom    (FIT_NDF)                        : 9
rms of residuals      (FIT_STDFIT) = sqrt(WSSR/ndf)    : 6.86321e-05
variance of residuals (reduced chisquare) = WSSR/ndf   : 4.71036e-09

Final set of parameters            Asymptotic Standard Error
=======================            ==========================
c               = 0.000243247      +/- 6.598e-07    (0.2712%)


*******************************************************************************
Tue Jun 25 22:21:32 2024


FIT:    data read from 'MEPPT32.dat' u 1:4
        format = x:z
        x range restricted to [0.00000 : 1.00000]
        #datapoints = 10
        residuals are weighted equally (unit weight)

function used for fitting: f(x)
	f(x) = a/x**2
fitted parameters initialized with current variable values

iter      chisq       delta/lim  lambda   a            
   0 2.4258700474e-05   0.00e+00  1.21e-01    3.672694e-03
   1 2.4258700474e-05   0.00e+00  1.21e+02    3.672694e-03

After 1 iterations the fit converged.
final sum of squares of residuals : 2.42587e-05
rel. change during last iteration : 0

degrees of freedom    (FIT_NDF)                        : 9
rms of residuals      (FIT_STDFIT) = sqrt(WSSR/ndf)    : 0.00164177
variance of residuals (reduced chisquare) = WSSR/ndf   : 2.69541e-06

Final set of parameters            Asymptotic Standard Error
=======================            ==========================
a               = 0.00367269       +/- 1.578e-05    (0.4297%)


*******************************************************************************
Tue Jun 25 22:21:32 2024


FIT:    data read from 'MEPPT64.dat' u 1:4
        format = x:z
        x range restricted to [0.00000 : 1.00000]
        #datapoints = 10
        residuals are weighted equally (unit weight)

function used for fitting: g(x)
	g(x) = b/x**2
fitted parameters initialized with current variable values

iter      chisq       delta/lim  lambda   b            
   0 1.6226872787e-06   0.00e+00  3.12e-02    9.488379e-04
   1 1.6226872787e-06  -1.30e-11  3.12e-03    9.488379e-04

After 1 iterations the fit converged.
final sum of squares of residuals : 1.62269e-06
rel. change during last iteration : -1.30498e-16

degrees of freedom    (FIT_NDF)                        : 9
rms of residuals      (FIT_STDFIT) = sqrt(WSSR/ndf)    : 0.000424616
variance of residuals (reduced chisquare) = WSSR/ndf   : 1.80299e-07

Final set of parameters            Asymptotic Standard Error
=======================            ==========================
b               = 0.000948838      +/- 4.082e-06    (0.4302%)


*******************************************************************************
Tue Jun 25 22:21:32 2024


FIT:    data read from 'MEPPT128.dat' u 1:4
        format = x:z
        x range restricted to [0.00000 : 1.00000]
        #datapoints = 10
        residuals are weighted equally (unit weight)

function used for fitting: h(x)
	h(x) = c/x**2
fitted parameters initialized with current variable values

iter      chisq       delta/lim  lambda   c            
   0 4.2393240768e-08   0.00e+00  8.00e-03    2.432467e-04
   1 4.2393240768e-08   0.00e+00  8.00e-01    2.432467e-04

After 1 iterations the fit converged.
final sum of squares of residuals : 4.23932e-08
rel. change during last iteration : 0

degrees of freedom    (FIT_NDF)                        : 9
rms of residuals      (FIT_STDFIT) = sqrt(WSSR/ndf)    : 6.86321e-05
variance of residuals (reduced chisquare) = WSSR/ndf   : 4.71036e-09

Final set of parameters            Asymptotic Standard Error
=======================            ==========================
c               = 0.000243247      +/- 6.598e-07    (0.2712%)


*******************************************************************************
Tue Jun 25 22:21:47 2024


FIT:    data read from 'MEPPT32.dat' u 1:4
        format = x:z
        x range restricted to [0.00000 : 1.00000]
        #datapoints = 10
        residuals are weighted equally (unit weight)

function used for fitting: f(x)
	f(x) = a/x**2
fitted parameters initialized with current variable values

iter      chisq       delta/lim  lambda   a            
   0 2.4258700474e-05   0.00e+00  1.21e-01    3.672694e-03
   1 2.4258700474e-05   0.00e+00  1.21e+02    3.672694e-03

After 1 iterations the fit converged.
final sum of squares of residuals : 2.42587e-05
rel. change during last iteration : 0

degrees of freedom    (FIT_NDF)                        : 9
rms of residuals      (FIT_STDFIT) = sqrt(WSSR/ndf)    : 0.00164177
variance of residuals (reduced chisquare) = WSSR/ndf   : 2.69541e-06

Final set of parameters            Asymptotic Standard Error
=======================            ==========================
a               = 0.00367269       +/- 1.578e-05    (0.4297%)


*******************************************************************************
Tue Jun 25 22:21:47 2024


FIT:    data read from 'MEPPT64.dat' u 1:4
        format = x:z
        x range restricted to [0.00000 : 1.00000]
        #datapoints = 10
        residuals are weighted equally (unit weight)

function used for fitting: g(x)
	g(x) = b/x**2
fitted parameters initialized with current variable values

iter      chisq       delta/lim  lambda   b            
   0 1.6226872787e-06   0.00e+00  3.12e-02    9.488379e-04
   1 1.6226872787e-06   0.00e+00  3.12e+00    9.488379e-04

After 1 iterations the fit converged.
final sum of squares of residuals : 1.62269e-06
rel. change during last iteration : 0

degrees of freedom    (FIT_NDF)                        : 9
rms of residuals      (FIT_STDFIT) = sqrt(WSSR/ndf)    : 0.000424616
variance of residuals (reduced chisquare) = WSSR/ndf   : 1.80299e-07

Final set of parameters            Asymptotic Standard Error
=======================            ==========================
b               = 0.000948838      +/- 4.082e-06    (0.4302%)


*******************************************************************************
Tue Jun 25 22:21:47 2024


FIT:    data read from 'MEPPT128.dat' u 1:4
        format = x:z
        x range restricted to [0.00000 : 1.00000]
        #datapoints = 10
        residuals are weighted equally (unit weight)

function used for fitting: h(x)
	h(x) = c/x**2
fitted parameters initialized with current variable values

iter      chisq       delta/lim  lambda   c            
   0 4.2393240768e-08   0.00e+00  8.00e-03    2.432467e-04
   1 4.2393240768e-08   0.00e+00  8.00e-01    2.432467e-04

After 1 iterations the fit converged.
final sum of squares of residuals : 4.23932e-08
rel. change during last iteration : 0

degrees of freedom    (FIT_NDF)                        : 9
rms of residuals      (FIT_STDFIT) = sqrt(WSSR/ndf)    : 6.86321e-05
variance of residuals (reduced chisquare) = WSSR/ndf   : 4.71036e-09

Final set of parameters            Asymptotic Standard Error
=======================            ==========================
c               = 0.000243247      +/- 6.598e-07    (0.2712%)


*******************************************************************************
Tue Jun 25 22:22:15 2024


FIT:    data read from 'MEPPT32.dat' u 1:4
        format = x:z
        x range restricted to [0.00000 : 1.00000]
        #datapoints = 10
        residuals are weighted equally (unit weight)

function used for fitting: f(x)
	f(x) = a/x**2
fitted parameters initialized with current variable values

iter      chisq       delta/lim  lambda   a            
   0 2.4258700474e-05   0.00e+00  1.21e-01    3.672694e-03
   1 2.4258700474e-05   0.00e+00  1.21e+02    3.672694e-03

After 1 iterations the fit converged.
final sum of squares of residuals : 2.42587e-05
rel. change during last iteration : 0

degrees of freedom    (FIT_NDF)                        : 9
rms of residuals      (FIT_STDFIT) = sqrt(WSSR/ndf)    : 0.00164177
variance of residuals (reduced chisquare) = WSSR/ndf   : 2.69541e-06

Final set of parameters            Asymptotic Standard Error
=======================            ==========================
a               = 0.00367269       +/- 1.578e-05    (0.4297%)


*******************************************************************************
Tue Jun 25 22:22:15 2024


FIT:    data read from 'MEPPT64.dat' u 1:4
        format = x:z
        x range restricted to [0.00000 : 1.00000]
        #datapoints = 10
        residuals are weighted equally (unit weight)

function used for fitting: g(x)
	g(x) = b/x**2
fitted parameters initialized with current variable values

iter      chisq       delta/lim  lambda   b            
   0 1.6226872787e-06   0.00e+00  3.12e-02    9.488379e-04
   1 1.6226872787e-06   0.00e+00  3.12e+00    9.488379e-04

After 1 iterations the fit converged.
final sum of squares of residuals : 1.62269e-06
rel. change during last iteration : 0

degrees of freedom    (FIT_NDF)                        : 9
rms of residuals      (FIT_STDFIT) = sqrt(WSSR/ndf)    : 0.000424616
variance of residuals (reduced chisquare) = WSSR/ndf   : 1.80299e-07

Final set of parameters            Asymptotic Standard Error
=======================            ==========================
b               = 0.000948838      +/- 4.082e-06    (0.4302%)


*******************************************************************************
Tue Jun 25 22:22:15 2024


FIT:    data read from 'MEPPT128.dat' u 1:4
        format = x:z
        x range restricted to [0.00000 : 1.00000]
        #datapoints = 10
        residuals are weighted equally (unit weight)

function used for fitting: h(x)
	h(x) = c/x**2
fitted parameters initialized with current variable values

iter      chisq       delta/lim  lambda   c            
   0 4.2393240768e-08   0.00e+00  8.00e-03    2.432467e-04
   1 4.2393240768e-08   0.00e+00  8.00e-01    2.432467e-04

After 1 iterations the fit converged.
final sum of squares of residuals : 4.23932e-08
rel. change during last iteration : 0

degrees of freedom    (FIT_NDF)                        : 9
rms of residuals      (FIT_STDFIT) = sqrt(WSSR/ndf)    : 6.86321e-05
variance of residuals (reduced chisquare) = WSSR/ndf   : 4.71036e-09

Final set of parameters            Asymptotic Standard Error
=======================            ==========================
c               = 0.000243247      +/- 6.598e-07    (0.2712%)


*******************************************************************************
Tue Jun 25 22:22:40 2024


FIT:    data read from 'MEPPT32.dat' u 1:4
        format = x:z
        x range restricted to [0.00000 : 1.00000]
        #datapoints = 10
        residuals are weighted equally (unit weight)

function used for fitting: f(x)
	f(x) = a/x**2
fitted parameters initialized with current variable values

iter      chisq       delta/lim  lambda   a            
   0 2.4258700474e-05   0.00e+00  1.21e-01    3.672694e-03
   1 2.4258700474e-05   0.00e+00  1.21e+02    3.672694e-03

After 1 iterations the fit converged.
final sum of squares of residuals : 2.42587e-05
rel. change during last iteration : 0

degrees of freedom    (FIT_NDF)                        : 9
rms of residuals      (FIT_STDFIT) = sqrt(WSSR/ndf)    : 0.00164177
variance of residuals (reduced chisquare) = WSSR/ndf   : 2.69541e-06

Final set of parameters            Asymptotic Standard Error
=======================            ==========================
a               = 0.00367269       +/- 1.578e-05    (0.4297%)


*******************************************************************************
Tue Jun 25 22:22:40 2024


FIT:    data read from 'MEPPT64.dat' u 1:4
        format = x:z
        x range restricted to [0.00000 : 1.00000]
        #datapoints = 10
        residuals are weighted equally (unit weight)

function used for fitting: g(x)
	g(x) = b/x**2
fitted parameters initialized with current variable values

iter      chisq       delta/lim  lambda   b            
   0 1.6226872787e-06   0.00e+00  3.12e-02    9.488379e-04
   1 1.6226872787e-06   0.00e+00  3.12e+00    9.488379e-04

After 1 iterations the fit converged.
final sum of squares of residuals : 1.62269e-06
rel. change during last iteration : 0

degrees of freedom    (FIT_NDF)                        : 9
rms of residuals      (FIT_STDFIT) = sqrt(WSSR/ndf)    : 0.000424616
variance of residuals (reduced chisquare) = WSSR/ndf   : 1.80299e-07

Final set of parameters            Asymptotic Standard Error
=======================            ==========================
b               = 0.000948838      +/- 4.082e-06    (0.4302%)


*******************************************************************************
Tue Jun 25 22:22:40 2024


FIT:    data read from 'MEPPT128.dat' u 1:4
        format = x:z
        x range restricted to [0.00000 : 1.00000]
        #datapoints = 10
        residuals are weighted equally (unit weight)

function used for fitting: h(x)
	h(x) = c/x**2
fitted parameters initialized with current variable values

iter      chisq       delta/lim  lambda   c            
   0 4.2393240768e-08   0.00e+00  8.00e-03    2.432467e-04
   1 4.2393240768e-08   0.00e+00  8.00e-01    2.432467e-04

After 1 iterations the fit converged.
final sum of squares of residuals : 4.23932e-08
rel. change during last iteration : 0

degrees of freedom    (FIT_NDF)                        : 9
rms of residuals      (FIT_STDFIT) = sqrt(WSSR/ndf)    : 6.86321e-05
variance of residuals (reduced chisquare) = WSSR/ndf   : 4.71036e-09

Final set of parameters            Asymptotic Standard Error
=======================            ==========================
c               = 0.000243247      +/- 6.598e-07    (0.2712%)


*******************************************************************************
Tue Jun 25 22:23:09 2024


FIT:    data read from 'MEPPT32.dat' u 1:4
        format = x:z
        x range restricted to [0.00000 : 1.00000]
        #datapoints = 10
        residuals are weighted equally (unit weight)

function used for fitting: f(x)
	f(x) = a/x**2
fitted parameters initialized with current variable values

iter      chisq       delta/lim  lambda   a            
   0 2.4258700474e-05   0.00e+00  1.21e-01    3.672694e-03
   1 2.4258700474e-05   0.00e+00  1.21e+02    3.672694e-03

After 1 iterations the fit converged.
final sum of squares of residuals : 2.42587e-05
rel. change during last iteration : 0

degrees of freedom    (FIT_NDF)                        : 9
rms of residuals      (FIT_STDFIT) = sqrt(WSSR/ndf)    : 0.00164177
variance of residuals (reduced chisquare) = WSSR/ndf   : 2.69541e-06

Final set of parameters            Asymptotic Standard Error
=======================            ==========================
a               = 0.00367269       +/- 1.578e-05    (0.4297%)


*******************************************************************************
Tue Jun 25 22:23:09 2024


FIT:    data read from 'MEPPT64.dat' u 1:4
        format = x:z
        x range restricted to [0.00000 : 1.00000]
        #datapoints = 10
        residuals are weighted equally (unit weight)

function used for fitting: g(x)
	g(x) = b/x**2
fitted parameters initialized with current variable values

iter      chisq       delta/lim  lambda   b            
   0 1.6226872787e-06   0.00e+00  3.12e-02    9.488379e-04
   1 1.6226872787e-06   0.00e+00  3.12e+00    9.488379e-04

After 1 iterations the fit converged.
final sum of squares of residuals : 1.62269e-06
rel. change during last iteration : 0

degrees of freedom    (FIT_NDF)                        : 9
rms of residuals      (FIT_STDFIT) = sqrt(WSSR/ndf)    : 0.000424616
variance of residuals (reduced chisquare) = WSSR/ndf   : 1.80299e-07

Final set of parameters            Asymptotic Standard Error
=======================            ==========================
b               = 0.000948838      +/- 4.082e-06    (0.4302%)


*******************************************************************************
Tue Jun 25 22:23:09 2024


FIT:    data read from 'MEPPT128.dat' u 1:4
        format = x:z
        x range restricted to [0.00000 : 1.00000]
        #datapoints = 10
        residuals are weighted equally (unit weight)

function used for fitting: h(x)
	h(x) = c/x**2
fitted parameters initialized with current variable values

iter      chisq       delta/lim  lambda   c            
   0 4.2393240768e-08   0.00e+00  8.00e-03    2.432467e-04
   1 4.2393240768e-08   0.00e+00  8.00e-01    2.432467e-04

After 1 iterations the fit converged.
final sum of squares of residuals : 4.23932e-08
rel. change during last iteration : 0

degrees of freedom    (FIT_NDF)                        : 9
rms of residuals      (FIT_STDFIT) = sqrt(WSSR/ndf)    : 6.86321e-05
variance of residuals (reduced chisquare) = WSSR/ndf   : 4.71036e-09

Final set of parameters            Asymptotic Standard Error
=======================            ==========================
c               = 0.000243247      +/- 6.598e-07    (0.2712%)


*******************************************************************************
Tue Jun 25 22:23:28 2024


FIT:    data read from 'MEPPT32.dat' u 1:4
        format = x:z
        x range restricted to [0.00000 : 1.00000]
        #datapoints = 10
        residuals are weighted equally (unit weight)

function used for fitting: f(x)
	f(x) = a/x**2
fitted parameters initialized with current variable values

iter      chisq       delta/lim  lambda   a            
   0 2.4258700474e-05   0.00e+00  1.21e-01    3.672694e-03
   1 2.4258700474e-05   0.00e+00  1.21e+02    3.672694e-03

After 1 iterations the fit converged.
final sum of squares of residuals : 2.42587e-05
rel. change during last iteration : 0

degrees of freedom    (FIT_NDF)                        : 9
rms of residuals      (FIT_STDFIT) = sqrt(WSSR/ndf)    : 0.00164177
variance of residuals (reduced chisquare) = WSSR/ndf   : 2.69541e-06

Final set of parameters            Asymptotic Standard Error
=======================            ==========================
a               = 0.00367269       +/- 1.578e-05    (0.4297%)


*******************************************************************************
Tue Jun 25 22:23:28 2024


FIT:    data read from 'MEPPT64.dat' u 1:4
        format = x:z
        x range restricted to [0.00000 : 1.00000]
        #datapoints = 10
        residuals are weighted equally (unit weight)

function used for fitting: g(x)
	g(x) = b/x**2
fitted parameters initialized with current variable values

iter      chisq       delta/lim  lambda   b            
   0 1.6226872787e-06   0.00e+00  3.12e-02    9.488379e-04
   1 1.6226872787e-06   0.00e+00  3.12e+00    9.488379e-04

After 1 iterations the fit converged.
final sum of squares of residuals : 1.62269e-06
rel. change during last iteration : 0

degrees of freedom    (FIT_NDF)                        : 9
rms of residuals      (FIT_STDFIT) = sqrt(WSSR/ndf)    : 0.000424616
variance of residuals (reduced chisquare) = WSSR/ndf   : 1.80299e-07

Final set of parameters            Asymptotic Standard Error
=======================            ==========================
b               = 0.000948838      +/- 4.082e-06    (0.4302%)


*******************************************************************************
Tue Jun 25 22:23:28 2024


FIT:    data read from 'MEPPT128.dat' u 1:4
        format = x:z
        x range restricted to [0.00000 : 1.00000]
        #datapoints = 10
        residuals are weighted equally (unit weight)

function used for fitting: h(x)
	h(x) = c/x**2
fitted parameters initialized with current variable values

iter      chisq       delta/lim  lambda   c            
   0 4.2393240768e-08   0.00e+00  8.00e-03    2.432467e-04
   1 4.2393240768e-08   0.00e+00  8.00e-01    2.432467e-04

After 1 iterations the fit converged.
final sum of squares of residuals : 4.23932e-08
rel. change during last iteration : 0

degrees of freedom    (FIT_NDF)                        : 9
rms of residuals      (FIT_STDFIT) = sqrt(WSSR/ndf)    : 6.86321e-05
variance of residuals (reduced chisquare) = WSSR/ndf   : 4.71036e-09

Final set of parameters            Asymptotic Standard Error
=======================            ==========================
c               = 0.000243247      +/- 6.598e-07    (0.2712%)


*******************************************************************************
Tue Jun 25 22:23:45 2024


FIT:    data read from 'MEPPT32.dat' u 1:4
        format = x:z
        x range restricted to [0.00000 : 1.00000]
        #datapoints = 10
        residuals are weighted equally (unit weight)

function used for fitting: f(x)
	f(x) = a/x**2
fitted parameters initialized with current variable values

iter      chisq       delta/lim  lambda   a            
   0 2.4258700474e-05   0.00e+00  1.21e-01    3.672694e-03
   1 2.4258700474e-05   0.00e+00  1.21e+02    3.672694e-03

After 1 iterations the fit converged.
final sum of squares of residuals : 2.42587e-05
rel. change during last iteration : 0

degrees of freedom    (FIT_NDF)                        : 9
rms of residuals      (FIT_STDFIT) = sqrt(WSSR/ndf)    : 0.00164177
variance of residuals (reduced chisquare) = WSSR/ndf   : 2.69541e-06

Final set of parameters            Asymptotic Standard Error
=======================            ==========================
a               = 0.00367269       +/- 1.578e-05    (0.4297%)


*******************************************************************************
Tue Jun 25 22:23:45 2024


FIT:    data read from 'MEPPT64.dat' u 1:4
        format = x:z
        x range restricted to [0.00000 : 1.00000]
        #datapoints = 10
        residuals are weighted equally (unit weight)

function used for fitting: g(x)
	g(x) = b/x**2
fitted parameters initialized with current variable values

iter      chisq       delta/lim  lambda   b            
   0 1.6226872787e-06   0.00e+00  3.12e-02    9.488379e-04
   1 1.6226872787e-06   0.00e+00  3.12e+00    9.488379e-04

After 1 iterations the fit converged.
final sum of squares of residuals : 1.62269e-06
rel. change during last iteration : 0

degrees of freedom    (FIT_NDF)                        : 9
rms of residuals      (FIT_STDFIT) = sqrt(WSSR/ndf)    : 0.000424616
variance of residuals (reduced chisquare) = WSSR/ndf   : 1.80299e-07

Final set of parameters            Asymptotic Standard Error
=======================            ==========================
b               = 0.000948838      +/- 4.082e-06    (0.4302%)


*******************************************************************************
Tue Jun 25 22:23:45 2024


FIT:    data read from 'MEPPT128.dat' u 1:4
        format = x:z
        x range restricted to [0.00000 : 1.00000]
        #datapoints = 10
        residuals are weighted equally (unit weight)

function used for fitting: h(x)
	h(x) = c/x**2
fitted parameters initialized with current variable values

iter      chisq       delta/lim  lambda   c            
   0 4.2393240768e-08   0.00e+00  8.00e-03    2.432467e-04
   1 4.2393240768e-08   0.00e+00  8.00e-01    2.432467e-04

After 1 iterations the fit converged.
final sum of squares of residuals : 4.23932e-08
rel. change during last iteration : 0

degrees of freedom    (FIT_NDF)                        : 9
rms of residuals      (FIT_STDFIT) = sqrt(WSSR/ndf)    : 6.86321e-05
variance of residuals (reduced chisquare) = WSSR/ndf   : 4.71036e-09

Final set of parameters            Asymptotic Standard Error
=======================            ==========================
c               = 0.000243247      +/- 6.598e-07    (0.2712%)


*******************************************************************************
Tue Jun 25 22:24:01 2024


FIT:    data read from 'MEPPT32.dat' u 1:4
        format = x:z
        x range restricted to [0.00000 : 1.00000]
        #datapoints = 10
        residuals are weighted equally (unit weight)

function used for fitting: f(x)
	f(x) = a/x**2
fitted parameters initialized with current variable values

iter      chisq       delta/lim  lambda   a            
   0 2.4258700474e-05   0.00e+00  1.21e-01    3.672694e-03
   1 2.4258700474e-05   0.00e+00  1.21e+02    3.672694e-03

After 1 iterations the fit converged.
final sum of squares of residuals : 2.42587e-05
rel. change during last iteration : 0

degrees of freedom    (FIT_NDF)                        : 9
rms of residuals      (FIT_STDFIT) = sqrt(WSSR/ndf)    : 0.00164177
variance of residuals (reduced chisquare) = WSSR/ndf   : 2.69541e-06

Final set of parameters            Asymptotic Standard Error
=======================            ==========================
a               = 0.00367269       +/- 1.578e-05    (0.4297%)


*******************************************************************************
Tue Jun 25 22:24:01 2024


FIT:    data read from 'MEPPT64.dat' u 1:4
        format = x:z
        x range restricted to [0.00000 : 1.00000]
        #datapoints = 10
        residuals are weighted equally (unit weight)

function used for fitting: g(x)
	g(x) = b/x**2
fitted parameters initialized with current variable values

iter      chisq       delta/lim  lambda   b            
   0 1.6226872787e-06   0.00e+00  3.12e-02    9.488379e-04
   1 1.6226872787e-06   0.00e+00  3.12e+00    9.488379e-04

After 1 iterations the fit converged.
final sum of squares of residuals : 1.62269e-06
rel. change during last iteration : 0

degrees of freedom    (FIT_NDF)                        : 9
rms of residuals      (FIT_STDFIT) = sqrt(WSSR/ndf)    : 0.000424616
variance of residuals (reduced chisquare) = WSSR/ndf   : 1.80299e-07

Final set of parameters            Asymptotic Standard Error
=======================            ==========================
b               = 0.000948838      +/- 4.082e-06    (0.4302%)


*******************************************************************************
Tue Jun 25 22:24:01 2024


FIT:    data read from 'MEPPT128.dat' u 1:4
        format = x:z
        x range restricted to [0.00000 : 1.00000]
        #datapoints = 10
        residuals are weighted equally (unit weight)

function used for fitting: h(x)
	h(x) = c/x**2
fitted parameters initialized with current variable values

iter      chisq       delta/lim  lambda   c            
   0 4.2393240768e-08   0.00e+00  8.00e-03    2.432467e-04
   1 4.2393240768e-08   0.00e+00  8.00e-01    2.432467e-04

After 1 iterations the fit converged.
final sum of squares of residuals : 4.23932e-08
rel. change during last iteration : 0

degrees of freedom    (FIT_NDF)                        : 9
rms of residuals      (FIT_STDFIT) = sqrt(WSSR/ndf)    : 6.86321e-05
variance of residuals (reduced chisquare) = WSSR/ndf   : 4.71036e-09

Final set of parameters            Asymptotic Standard Error
=======================            ==========================
c               = 0.000243247      +/- 6.598e-07    (0.2712%)


*******************************************************************************
Tue Jun 25 22:24:20 2024


FIT:    data read from 'MEPPT32.dat' u 1:4
        format = x:z
        x range restricted to [0.00000 : 1.00000]
        #datapoints = 10
        residuals are weighted equally (unit weight)

function used for fitting: f(x)
	f(x) = a/x**2
fitted parameters initialized with current variable values

iter      chisq       delta/lim  lambda   a            
   0 2.4258700474e-05   0.00e+00  1.21e-01    3.672694e-03
   1 2.4258700474e-05   0.00e+00  1.21e+02    3.672694e-03

After 1 iterations the fit converged.
final sum of squares of residuals : 2.42587e-05
rel. change during last iteration : 0

degrees of freedom    (FIT_NDF)                        : 9
rms of residuals      (FIT_STDFIT) = sqrt(WSSR/ndf)    : 0.00164177
variance of residuals (reduced chisquare) = WSSR/ndf   : 2.69541e-06

Final set of parameters            Asymptotic Standard Error
=======================            ==========================
a               = 0.00367269       +/- 1.578e-05    (0.4297%)


*******************************************************************************
Tue Jun 25 22:24:20 2024


FIT:    data read from 'MEPPT64.dat' u 1:4
        format = x:z
        x range restricted to [0.00000 : 1.00000]
        #datapoints = 10
        residuals are weighted equally (unit weight)

function used for fitting: g(x)
	g(x) = b/x**2
fitted parameters initialized with current variable values

iter      chisq       delta/lim  lambda   b            
   0 1.6226872787e-06   0.00e+00  3.12e-02    9.488379e-04
   1 1.6226872787e-06   0.00e+00  3.12e+00    9.488379e-04

After 1 iterations the fit converged.
final sum of squares of residuals : 1.62269e-06
rel. change during last iteration : 0

degrees of freedom    (FIT_NDF)                        : 9
rms of residuals      (FIT_STDFIT) = sqrt(WSSR/ndf)    : 0.000424616
variance of residuals (reduced chisquare) = WSSR/ndf   : 1.80299e-07

Final set of parameters            Asymptotic Standard Error
=======================            ==========================
b               = 0.000948838      +/- 4.082e-06    (0.4302%)


*******************************************************************************
Tue Jun 25 22:24:20 2024


FIT:    data read from 'MEPPT128.dat' u 1:4
        format = x:z
        x range restricted to [0.00000 : 1.00000]
        #datapoints = 10
        residuals are weighted equally (unit weight)

function used for fitting: h(x)
	h(x) = c/x**2
fitted parameters initialized with current variable values

iter      chisq       delta/lim  lambda   c            
   0 4.2393240768e-08   0.00e+00  8.00e-03    2.432467e-04
   1 4.2393240768e-08   0.00e+00  8.00e-01    2.432467e-04

After 1 iterations the fit converged.
final sum of squares of residuals : 4.23932e-08
rel. change during last iteration : 0

degrees of freedom    (FIT_NDF)                        : 9
rms of residuals      (FIT_STDFIT) = sqrt(WSSR/ndf)    : 6.86321e-05
variance of residuals (reduced chisquare) = WSSR/ndf   : 4.71036e-09

Final set of parameters            Asymptotic Standard Error
=======================            ==========================
c               = 0.000243247      +/- 6.598e-07    (0.2712%)


*******************************************************************************
Tue Jun 25 22:52:11 2024


FIT:    data read from 'MEPPT32.dat' u 1:4
        format = x:z
        x range restricted to [0.00000 : 1.00000]
        #datapoints = 10
        residuals are weighted equally (unit weight)

function used for fitting: f(x)
	f(x) = a/x**2
fitted parameters initialized with current variable values

iter      chisq       delta/lim  lambda   a            
   0 2.4258700474e-05   0.00e+00  1.21e-01    3.672694e-03
   1 2.4258700474e-05   0.00e+00  1.21e+02    3.672694e-03

After 1 iterations the fit converged.
final sum of squares of residuals : 2.42587e-05
rel. change during last iteration : 0

degrees of freedom    (FIT_NDF)                        : 9
rms of residuals      (FIT_STDFIT) = sqrt(WSSR/ndf)    : 0.00164177
variance of residuals (reduced chisquare) = WSSR/ndf   : 2.69541e-06

Final set of parameters            Asymptotic Standard Error
=======================            ==========================
a               = 0.00367269       +/- 1.578e-05    (0.4297%)


*******************************************************************************
Tue Jun 25 22:52:11 2024


FIT:    data read from 'MEPPT64.dat' u 1:4
        format = x:z
        x range restricted to [0.00000 : 1.00000]
        #datapoints = 10
        residuals are weighted equally (unit weight)

function used for fitting: g(x)
	g(x) = b/x**2
fitted parameters initialized with current variable values

iter      chisq       delta/lim  lambda   b            
   0 1.6226872787e-06   0.00e+00  3.12e-02    9.488379e-04
   1 1.6226872787e-06   0.00e+00  3.12e+00    9.488379e-04

After 1 iterations the fit converged.
final sum of squares of residuals : 1.62269e-06
rel. change during last iteration : 0

degrees of freedom    (FIT_NDF)                        : 9
rms of residuals      (FIT_STDFIT) = sqrt(WSSR/ndf)    : 0.000424616
variance of residuals (reduced chisquare) = WSSR/ndf   : 1.80299e-07

Final set of parameters            Asymptotic Standard Error
=======================            ==========================
b               = 0.000948838      +/- 4.082e-06    (0.4302%)


*******************************************************************************
Tue Jun 25 22:52:11 2024


FIT:    data read from 'MEPPT128.dat' u 1:4
        format = x:z
        x range restricted to [0.00000 : 1.00000]
        #datapoints = 10
        residuals are weighted equally (unit weight)

function used for fitting: h(x)
	h(x) = c/x**2
fitted parameters initialized with current variable values

iter      chisq       delta/lim  lambda   c            
   0 4.2393240768e-08   0.00e+00  8.00e-03    2.432467e-04
   1 4.2393240768e-08   0.00e+00  8.00e-01    2.432467e-04

After 1 iterations the fit converged.
final sum of squares of residuals : 4.23932e-08
rel. change during last iteration : 0

degrees of freedom    (FIT_NDF)                        : 9
rms of residuals      (FIT_STDFIT) = sqrt(WSSR/ndf)    : 6.86321e-05
variance of residuals (reduced chisquare) = WSSR/ndf   : 4.71036e-09

Final set of parameters            Asymptotic Standard Error
=======================            ==========================
c               = 0.000243247      +/- 6.598e-07    (0.2712%)


*******************************************************************************
Tue Jun 25 22:52:40 2024


FIT:    data read from 'MEPPT32.dat' u 1:4
        format = x:z
        x range restricted to [0.00000 : 1.00000]
        #datapoints = 10
        residuals are weighted equally (unit weight)

function used for fitting: f(x)
	f(x) = a/x**2
fitted parameters initialized with current variable values

iter      chisq       delta/lim  lambda   a            
   0 2.4258700474e-05   0.00e+00  1.21e-01    3.672694e-03
   1 2.4258700474e-05   0.00e+00  1.21e+02    3.672694e-03

After 1 iterations the fit converged.
final sum of squares of residuals : 2.42587e-05
rel. change during last iteration : 0

degrees of freedom    (FIT_NDF)                        : 9
rms of residuals      (FIT_STDFIT) = sqrt(WSSR/ndf)    : 0.00164177
variance of residuals (reduced chisquare) = WSSR/ndf   : 2.69541e-06

Final set of parameters            Asymptotic Standard Error
=======================            ==========================
a               = 0.00367269       +/- 1.578e-05    (0.4297%)


*******************************************************************************
Tue Jun 25 22:52:40 2024


FIT:    data read from 'MEPPT64.dat' u 1:4
        format = x:z
        x range restricted to [0.00000 : 1.00000]
        #datapoints = 10
        residuals are weighted equally (unit weight)

function used for fitting: g(x)
	g(x) = b/x**2
fitted parameters initialized with current variable values

iter      chisq       delta/lim  lambda   b            
   0 1.6226872787e-06   0.00e+00  3.12e-02    9.488379e-04
   1 1.6226872787e-06   0.00e+00  3.12e+00    9.488379e-04

After 1 iterations the fit converged.
final sum of squares of residuals : 1.62269e-06
rel. change during last iteration : 0

degrees of freedom    (FIT_NDF)                        : 9
rms of residuals      (FIT_STDFIT) = sqrt(WSSR/ndf)    : 0.000424616
variance of residuals (reduced chisquare) = WSSR/ndf   : 1.80299e-07

Final set of parameters            Asymptotic Standard Error
=======================            ==========================
b               = 0.000948838      +/- 4.082e-06    (0.4302%)


*******************************************************************************
Tue Jun 25 22:52:40 2024


FIT:    data read from 'MEPPT128.dat' u 1:4
        format = x:z
        x range restricted to [0.00000 : 1.00000]
        #datapoints = 10
        residuals are weighted equally (unit weight)

function used for fitting: h(x)
	h(x) = c/x**2
fitted parameters initialized with current variable values

iter      chisq       delta/lim  lambda   c            
   0 4.2393240768e-08   0.00e+00  8.00e-03    2.432467e-04
   1 4.2393240768e-08   0.00e+00  8.00e-01    2.432467e-04

After 1 iterations the fit converged.
final sum of squares of residuals : 4.23932e-08
rel. change during last iteration : 0

degrees of freedom    (FIT_NDF)                        : 9
rms of residuals      (FIT_STDFIT) = sqrt(WSSR/ndf)    : 6.86321e-05
variance of residuals (reduced chisquare) = WSSR/ndf   : 4.71036e-09

Final set of parameters            Asymptotic Standard Error
=======================            ==========================
c               = 0.000243247      +/- 6.598e-07    (0.2712%)


*******************************************************************************
Wed Jun 26 12:11:53 2024


FIT:    data read from 'MEPPT32.dat' u 1:4
        format = x:z
        #datapoints = 50
        residuals are weighted equally (unit weight)

function used for fitting: f(x)
	f(x) = a/x**2
fitted parameters initialized with current variable values

iter      chisq       delta/lim  lambda   a            
   0 1.0743871908e+04   0.00e+00  1.47e+01    1.000000e+00
   4 5.9920498307e-05  -1.10e-09  1.47e-03    3.671764e-03

After 4 iterations the fit converged.
final sum of squares of residuals : 5.99205e-05
rel. change during last iteration : -1.09695e-14

degrees of freedom    (FIT_NDF)                        : 49
rms of residuals      (FIT_STDFIT) = sqrt(WSSR/ndf)    : 0.00110583
variance of residuals (reduced chisquare) = WSSR/ndf   : 1.22287e-06

Final set of parameters            Asymptotic Standard Error
=======================            ==========================
a               = 0.00367176       +/- 1.063e-05    (0.2895%)


*******************************************************************************
Wed Jun 26 12:11:53 2024


FIT:    data read from 'MEPPT64.dat' u 1:4
        format = x:z
        #datapoints = 50
        residuals are weighted equally (unit weight)

function used for fitting: g(x)
	g(x) = b/x**2
fitted parameters initialized with current variable values

iter      chisq       delta/lim  lambda   b            
   0 1.0802682466e+04   0.00e+00  1.47e+01    1.000000e+00
   4 4.0037608242e-06  -1.66e-08  1.47e-03    9.485977e-04

After 4 iterations the fit converged.
final sum of squares of residuals : 4.00376e-06
rel. change during last iteration : -1.65863e-13

degrees of freedom    (FIT_NDF)                        : 49
rms of residuals      (FIT_STDFIT) = sqrt(WSSR/ndf)    : 0.000285849
variance of residuals (reduced chisquare) = WSSR/ndf   : 8.17094e-08

Final set of parameters            Asymptotic Standard Error
=======================            ==========================
b               = 0.000948598      +/- 2.748e-06    (0.2897%)


*******************************************************************************
Wed Jun 26 12:11:53 2024


FIT:    data read from 'MEPPT128.dat' u 1:4
        format = x:z
        #datapoints = 50
        residuals are weighted equally (unit weight)

function used for fitting: h(x)
	h(x) = c/x**2
fitted parameters initialized with current variable values

iter      chisq       delta/lim  lambda   c            
   0 1.0817942962e+04   0.00e+00  1.47e+01    1.000000e+00
   4 1.8681808933e-07  -3.56e-07  1.47e-03    2.431875e-04

After 4 iterations the fit converged.
final sum of squares of residuals : 1.86818e-07
rel. change during last iteration : -3.56089e-12

degrees of freedom    (FIT_NDF)                        : 49
rms of residuals      (FIT_STDFIT) = sqrt(WSSR/ndf)    : 6.17464e-05
variance of residuals (reduced chisquare) = WSSR/ndf   : 3.81261e-09

Final set of parameters            Asymptotic Standard Error
=======================            ==========================
c               = 0.000243188      +/- 5.935e-07    (0.2441%)


*******************************************************************************
Wed Jun 26 12:11:59 2024


FIT:    data read from 'MEPPT32.dat' u 1:4
        format = x:z
        x range restricted to [0.100000 : 1.00000]
        #datapoints = 10
        residuals are weighted equally (unit weight)

function used for fitting: f(x)
	f(x) = a/x**2
fitted parameters initialized with current variable values

iter      chisq       delta/lim  lambda   a            
   0 2.4268055741e-05   0.00e+00  1.21e-01    3.671764e-03
   2 2.4258700474e-05  -3.19e-01  1.21e-03    3.672694e-03

After 2 iterations the fit converged.
final sum of squares of residuals : 2.42587e-05
rel. change during last iteration : -3.18715e-06

degrees of freedom    (FIT_NDF)                        : 9
rms of residuals      (FIT_STDFIT) = sqrt(WSSR/ndf)    : 0.00164177
variance of residuals (reduced chisquare) = WSSR/ndf   : 2.69541e-06

Final set of parameters            Asymptotic Standard Error
=======================            ==========================
a               = 0.00367269       +/- 1.578e-05    (0.4297%)


*******************************************************************************
Wed Jun 26 12:11:59 2024


FIT:    data read from 'MEPPT64.dat' u 1:4
        format = x:z
        x range restricted to [0.100000 : 1.00000]
        #datapoints = 10
        residuals are weighted equally (unit weight)

function used for fitting: g(x)
	g(x) = b/x**2
fitted parameters initialized with current variable values

iter      chisq       delta/lim  lambda   b            
   0 1.6233119023e-06   0.00e+00  3.12e-02    9.485977e-04
   2 1.6226872787e-06  -3.18e-01  3.12e-04    9.488379e-04

After 2 iterations the fit converged.
final sum of squares of residuals : 1.62269e-06
rel. change during last iteration : -3.18125e-06

degrees of freedom    (FIT_NDF)                        : 9
rms of residuals      (FIT_STDFIT) = sqrt(WSSR/ndf)    : 0.000424616
variance of residuals (reduced chisquare) = WSSR/ndf   : 1.80299e-07

Final set of parameters            Asymptotic Standard Error
=======================            ==========================
b               = 0.000948838      +/- 4.082e-06    (0.4302%)


*******************************************************************************
Wed Jun 26 12:11:59 2024


FIT:    data read from 'MEPPT128.dat' u 1:4
        format = x:z
        x range restricted to [0.100000 : 1.00000]
        #datapoints = 10
        residuals are weighted equally (unit weight)

function used for fitting: h(x)
	h(x) = c/x**2
fitted parameters initialized with current variable values

iter      chisq       delta/lim  lambda   c            
   0 4.2431052935e-08   0.00e+00  8.00e-03    2.431875e-04
   2 4.2393240769e-08  -7.37e-01  8.00e-05    2.432466e-04

After 2 iterations the fit converged.
final sum of squares of residuals : 4.23932e-08
rel. change during last iteration : -7.37139e-06

degrees of freedom    (FIT_NDF)                        : 9
rms of residuals      (FIT_STDFIT) = sqrt(WSSR/ndf)    : 6.86321e-05
variance of residuals (reduced chisquare) = WSSR/ndf   : 4.71036e-09

Final set of parameters            Asymptotic Standard Error
=======================            ==========================
c               = 0.000243247      +/- 6.598e-07    (0.2712%)


*******************************************************************************
Wed Jun 26 12:16:47 2024


FIT:    data read from 'MEPPT32.dat' u 1:4
        format = x:z
        x range restricted to [0.100000 : 1.00000]
        #datapoints = 10
        residuals are weighted equally (unit weight)

function used for fitting: f(x)
	f(x) = a/x**2
fitted parameters initialized with current variable values

iter      chisq       delta/lim  lambda   a            
   0 2.4258700474e-05   0.00e+00  1.21e-01    3.672694e-03
   1 2.4258700474e-05  -3.15e-07  1.21e-02    3.672694e-03

After 1 iterations the fit converged.
final sum of squares of residuals : 2.42587e-05
rel. change during last iteration : -3.15465e-12

degrees of freedom    (FIT_NDF)                        : 9
rms of residuals      (FIT_STDFIT) = sqrt(WSSR/ndf)    : 0.00164177
variance of residuals (reduced chisquare) = WSSR/ndf   : 2.69541e-06

Final set of parameters            Asymptotic Standard Error
=======================            ==========================
a               = 0.00367269       +/- 1.578e-05    (0.4297%)


*******************************************************************************
Wed Jun 26 12:16:47 2024


FIT:    data read from 'MEPPT64.dat' u 1:4
        format = x:z
        x range restricted to [0.100000 : 1.00000]
        #datapoints = 10
        residuals are weighted equally (unit weight)

function used for fitting: g(x)
	g(x) = b/x**2
fitted parameters initialized with current variable values

iter      chisq       delta/lim  lambda   b            
   0 1.6226872787e-06   0.00e+00  3.12e-02    9.488379e-04
   1 1.6226872787e-06  -3.15e-07  3.12e-03    9.488379e-04

After 1 iterations the fit converged.
final sum of squares of residuals : 1.62269e-06
rel. change during last iteration : -3.1488e-12

degrees of freedom    (FIT_NDF)                        : 9
rms of residuals      (FIT_STDFIT) = sqrt(WSSR/ndf)    : 0.000424616
variance of residuals (reduced chisquare) = WSSR/ndf   : 1.80299e-07

Final set of parameters            Asymptotic Standard Error
=======================            ==========================
b               = 0.000948838      +/- 4.082e-06    (0.4302%)


*******************************************************************************
Wed Jun 26 12:16:47 2024


FIT:    data read from 'MEPPT128.dat' u 1:4
        format = x:z
        x range restricted to [0.100000 : 1.00000]
        #datapoints = 10
        residuals are weighted equally (unit weight)

function used for fitting: h(x)
	h(x) = c/x**2
fitted parameters initialized with current variable values

iter      chisq       delta/lim  lambda   c            
   0 4.2393240769e-08   0.00e+00  8.00e-03    2.432466e-04
   1 4.2393240768e-08  -7.30e-07  8.00e-04    2.432467e-04

After 1 iterations the fit converged.
final sum of squares of residuals : 4.23932e-08
rel. change during last iteration : -7.29627e-12

degrees of freedom    (FIT_NDF)                        : 9
rms of residuals      (FIT_STDFIT) = sqrt(WSSR/ndf)    : 6.86321e-05
variance of residuals (reduced chisquare) = WSSR/ndf   : 4.71036e-09

Final set of parameters            Asymptotic Standard Error
=======================            ==========================
c               = 0.000243247      +/- 6.598e-07    (0.2712%)


*******************************************************************************
Wed Jun 26 12:18:09 2024


FIT:    data read from 'MEPPT32.dat' u 1:4
        format = x:z
        x range restricted to [0.100000 : 1.00000]
        #datapoints = 10
        residuals are weighted equally (unit weight)

function used for fitting: f(x)
	f(x) = a/x**2
fitted parameters initialized with current variable values

iter      chisq       delta/lim  lambda   a            
   0 2.4258700474e-05   0.00e+00  1.21e-01    3.672694e-03
   1 2.4258700474e-05  -2.58e-09  1.21e-02    3.672694e-03

After 1 iterations the fit converged.
final sum of squares of residuals : 2.42587e-05
rel. change during last iteration : -2.58383e-14

degrees of freedom    (FIT_NDF)                        : 9
rms of residuals      (FIT_STDFIT) = sqrt(WSSR/ndf)    : 0.00164177
variance of residuals (reduced chisquare) = WSSR/ndf   : 2.69541e-06

Final set of parameters            Asymptotic Standard Error
=======================            ==========================
a               = 0.00367269       +/- 1.578e-05    (0.4297%)


*******************************************************************************
Wed Jun 26 12:18:09 2024


FIT:    data read from 'MEPPT64.dat' u 1:4
        format = x:z
        x range restricted to [0.100000 : 1.00000]
        #datapoints = 10
        residuals are weighted equally (unit weight)

function used for fitting: g(x)
	g(x) = b/x**2
fitted parameters initialized with current variable values

iter      chisq       delta/lim  lambda   b            
   0 1.6226872787e-06   0.00e+00  3.12e-02    9.488379e-04
   1 1.6226872787e-06  -2.61e-09  3.12e-03    9.488379e-04

After 1 iterations the fit converged.
final sum of squares of residuals : 1.62269e-06
rel. change during last iteration : -2.60997e-14

degrees of freedom    (FIT_NDF)                        : 9
rms of residuals      (FIT_STDFIT) = sqrt(WSSR/ndf)    : 0.000424616
variance of residuals (reduced chisquare) = WSSR/ndf   : 1.80299e-07

Final set of parameters            Asymptotic Standard Error
=======================            ==========================
b               = 0.000948838      +/- 4.082e-06    (0.4302%)


*******************************************************************************
Wed Jun 26 12:18:09 2024


FIT:    data read from 'MEPPT128.dat' u 1:4
        format = x:z
        x range restricted to [0.100000 : 1.00000]
        #datapoints = 10
        residuals are weighted equally (unit weight)

function used for fitting: h(x)
	h(x) = c/x**2
fitted parameters initialized with current variable values

iter      chisq       delta/lim  lambda   c            
   0 4.2393240768e-08   0.00e+00  8.00e-03    2.432467e-04
   1 4.2393240768e-08  -6.04e-09  8.00e-04    2.432467e-04

After 1 iterations the fit converged.
final sum of squares of residuals : 4.23932e-08
rel. change during last iteration : -6.04094e-14

degrees of freedom    (FIT_NDF)                        : 9
rms of residuals      (FIT_STDFIT) = sqrt(WSSR/ndf)    : 6.86321e-05
variance of residuals (reduced chisquare) = WSSR/ndf   : 4.71036e-09

Final set of parameters            Asymptotic Standard Error
=======================            ==========================
c               = 0.000243247      +/- 6.598e-07    (0.2712%)


*******************************************************************************
Wed Jun 26 12:18:22 2024


FIT:    data read from 'MEPPT32.dat' u 1:4
        format = x:z
        x range restricted to [0.100000 : 1.00000]
        #datapoints = 10
        residuals are weighted equally (unit weight)

function used for fitting: f(x)
	f(x) = a/x**2
fitted parameters initialized with current variable values

iter      chisq       delta/lim  lambda   a            
   0 2.4258700474e-05   0.00e+00  1.21e-01    3.672694e-03
   1 2.4258700474e-05  -4.19e-11  1.21e-02    3.672694e-03

After 1 iterations the fit converged.
final sum of squares of residuals : 2.42587e-05
rel. change during last iteration : -4.19e-16

degrees of freedom    (FIT_NDF)                        : 9
rms of residuals      (FIT_STDFIT) = sqrt(WSSR/ndf)    : 0.00164177
variance of residuals (reduced chisquare) = WSSR/ndf   : 2.69541e-06

Final set of parameters            Asymptotic Standard Error
=======================            ==========================
a               = 0.00367269       +/- 1.578e-05    (0.4297%)


*******************************************************************************
Wed Jun 26 12:18:22 2024


FIT:    data read from 'MEPPT64.dat' u 1:4
        format = x:z
        x range restricted to [0.100000 : 1.00000]
        #datapoints = 10
        residuals are weighted equally (unit weight)

function used for fitting: g(x)
	g(x) = b/x**2
fitted parameters initialized with current variable values

iter      chisq       delta/lim  lambda   b            
   0 1.6226872787e-06   0.00e+00  3.12e-02    9.488379e-04
   1 1.6226872787e-06  -2.61e-11  3.12e-03    9.488379e-04

After 1 iterations the fit converged.
final sum of squares of residuals : 1.62269e-06
rel. change during last iteration : -2.60997e-16

degrees of freedom    (FIT_NDF)                        : 9
rms of residuals      (FIT_STDFIT) = sqrt(WSSR/ndf)    : 0.000424616
variance of residuals (reduced chisquare) = WSSR/ndf   : 1.80299e-07

Final set of parameters            Asymptotic Standard Error
=======================            ==========================
b               = 0.000948838      +/- 4.082e-06    (0.4302%)


*******************************************************************************
Wed Jun 26 12:18:22 2024


FIT:    data read from 'MEPPT128.dat' u 1:4
        format = x:z
        x range restricted to [0.100000 : 1.00000]
        #datapoints = 10
        residuals are weighted equally (unit weight)

function used for fitting: h(x)
	h(x) = c/x**2
fitted parameters initialized with current variable values

iter      chisq       delta/lim  lambda   c            
   0 4.2393240768e-08   0.00e+00  8.00e-03    2.432467e-04
   1 4.2393240768e-08   0.00e+00  8.00e-04    2.432467e-04

After 1 iterations the fit converged.
final sum of squares of residuals : 4.23932e-08
rel. change during last iteration : 0

degrees of freedom    (FIT_NDF)                        : 9
rms of residuals      (FIT_STDFIT) = sqrt(WSSR/ndf)    : 6.86321e-05
variance of residuals (reduced chisquare) = WSSR/ndf   : 4.71036e-09

Final set of parameters            Asymptotic Standard Error
=======================            ==========================
c               = 0.000243247      +/- 6.598e-07    (0.2712%)


*******************************************************************************
Wed Jun 26 12:25:38 2024


FIT:    data read from 'MEPPT32.dat' u 1:4
        format = x:z
        x range restricted to [0.100000 : 1.00000]
        #datapoints = 10
        residuals are weighted equally (unit weight)

function used for fitting: f(x)
	f(x) = a/x**2
fitted parameters initialized with current variable values

iter      chisq       delta/lim  lambda   a            
   0 2.4258700474e-05   0.00e+00  1.21e-01    3.672694e-03
   1 2.4258700474e-05   0.00e+00  1.21e+02    3.672694e-03

After 1 iterations the fit converged.
final sum of squares of residuals : 2.42587e-05
rel. change during last iteration : 0

degrees of freedom    (FIT_NDF)                        : 9
rms of residuals      (FIT_STDFIT) = sqrt(WSSR/ndf)    : 0.00164177
variance of residuals (reduced chisquare) = WSSR/ndf   : 2.69541e-06

Final set of parameters            Asymptotic Standard Error
=======================            ==========================
a               = 0.00367269       +/- 1.578e-05    (0.4297%)


*******************************************************************************
Wed Jun 26 12:25:38 2024


FIT:    data read from 'MEPPT64.dat' u 1:4
        format = x:z
        x range restricted to [0.100000 : 1.00000]
        #datapoints = 10
        residuals are weighted equally (unit weight)

function used for fitting: g(x)
	g(x) = b/x**2
fitted parameters initialized with current variable values

iter      chisq       delta/lim  lambda   b            
   0 1.6226872787e-06   0.00e+00  3.12e-02    9.488379e-04
   1 1.6226872787e-06   0.00e+00  3.12e-02    9.488379e-04

After 1 iterations the fit converged.
final sum of squares of residuals : 1.62269e-06
rel. change during last iteration : 0

degrees of freedom    (FIT_NDF)                        : 9
rms of residuals      (FIT_STDFIT) = sqrt(WSSR/ndf)    : 0.000424616
variance of residuals (reduced chisquare) = WSSR/ndf   : 1.80299e-07

Final set of parameters            Asymptotic Standard Error
=======================            ==========================
b               = 0.000948838      +/- 4.082e-06    (0.4302%)


*******************************************************************************
Wed Jun 26 12:25:38 2024


FIT:    data read from 'MEPPT128.dat' u 1:4
        format = x:z
        x range restricted to [0.100000 : 1.00000]
        #datapoints = 10
        residuals are weighted equally (unit weight)

function used for fitting: h(x)
	h(x) = c/x**2
fitted parameters initialized with current variable values

iter      chisq       delta/lim  lambda   c            
   0 4.2393240768e-08   0.00e+00  8.00e-03    2.432467e-04
   1 4.2393240768e-08  -4.68e-11  8.00e-04    2.432467e-04

After 1 iterations the fit converged.
final sum of squares of residuals : 4.23932e-08
rel. change during last iteration : -4.6829e-16

degrees of freedom    (FIT_NDF)                        : 9
rms of residuals      (FIT_STDFIT) = sqrt(WSSR/ndf)    : 6.86321e-05
variance of residuals (reduced chisquare) = WSSR/ndf   : 4.71036e-09

Final set of parameters            Asymptotic Standard Error
=======================            ==========================
c               = 0.000243247      +/- 6.598e-07    (0.2712%)
